<?xml version="1.0" encoding="UTF-8"?>
<testsuite name="com.qq183311108.mail.MailTest" time="9.9" tests="1" errors="1" skipped="0" failures="0">
  <properties>
[...]
</properties>
  <testcase name="testMail" classname="com.qq183311108.mail.MailTest" time="9.9">
    <error message="Authentication failed; nested exception is javax.mail.AuthenticationFailedException: 550 User is locked&#10;" type="org.springframework.mail.MailAuthenticationException">org.springframework.mail.MailAuthenticationException: Authentication failed; nested exception is javax.mail.AuthenticationFailedException: 550 User is locked

	at com.sun.mail.smtp.SMTPTransport$Authenticator.authenticate(SMTPTransport.java:932)
	at com.sun.mail.smtp.SMTPTransport.authenticate(SMTPTransport.java:843)
	at com.sun.mail.smtp.SMTPTransport.protocolConnect(SMTPTransport.java:748)
	at javax.mail.Service.connect(Service.java:366)
	at org.springframework.mail.javamail.JavaMailSenderImpl.connectTransport(JavaMailSenderImpl.java:501)
	at org.springframework.mail.javamail.JavaMailSenderImpl.doSend(JavaMailSenderImpl.java:421)
	at org.springframework.mail.javamail.JavaMailSenderImpl.send(JavaMailSenderImpl.java:307)
	at org.springframework.mail.javamail.JavaMailSenderImpl.send(JavaMailSenderImpl.java:296)
	at com.qq183311108.mail.MailTest.testMail(MailTest.java:35)
</error>
    <system-out><![CDATA[13:56:06.379 [main] DEBUG org.springframework.test.context.junit4.SpringJUnit4ClassRunner - SpringJUnit4ClassRunner constructor called with [class com.qq183311108.mail.MailTest]
13:56:06.384 [main] DEBUG org.springframework.test.context.BootstrapUtils - Instantiating CacheAwareContextLoaderDelegate from class [org.springframework.test.context.cache.DefaultCacheAwareContextLoaderDelegate]
13:56:06.390 [main] DEBUG org.springframework.test.context.BootstrapUtils - Instantiating BootstrapContext using constructor [public org.springframework.test.context.support.DefaultBootstrapContext(java.lang.Class,org.springframework.test.context.CacheAwareContextLoaderDelegate)]
13:56:06.402 [main] DEBUG org.springframework.test.context.BootstrapUtils - Instantiating TestContextBootstrapper for test class [com.qq183311108.mail.MailTest] from class [org.springframework.boot.test.context.SpringBootTestContextBootstrapper]
13:56:06.424 [main] INFO org.springframework.boot.test.context.SpringBootTestContextBootstrapper - Neither @ContextConfiguration nor @ContextHierarchy found for test class [com.qq183311108.mail.MailTest], using SpringBootContextLoader
13:56:06.429 [main] DEBUG org.springframework.test.context.support.AbstractContextLoader - Did not detect default resource location for test class [com.qq183311108.mail.MailTest]: class path resource [com/qq183311108/mail/MailTest-context.xml] does not exist
13:56:06.430 [main] DEBUG org.springframework.test.context.support.AbstractContextLoader - Did not detect default resource location for test class [com.qq183311108.mail.MailTest]: class path resource [com/qq183311108/mail/MailTestContext.groovy] does not exist
13:56:06.430 [main] INFO org.springframework.test.context.support.AbstractContextLoader - Could not detect default resource locations for test class [com.qq183311108.mail.MailTest]: no resource found for suffixes {-context.xml, Context.groovy}.
13:56:06.430 [main] INFO org.springframework.test.context.support.AnnotationConfigContextLoaderUtils - Could not detect default configuration classes for test class [com.qq183311108.mail.MailTest]: MailTest does not declare any static, non-private, non-final, nested classes annotated with @Configuration.
13:56:06.464 [main] DEBUG org.springframework.test.context.support.ActiveProfilesUtils - Could not find an 'annotation declaring class' for annotation type [org.springframework.test.context.ActiveProfiles] and class [com.qq183311108.mail.MailTest]
13:56:06.490 [main] DEBUG org.springframework.core.env.StandardEnvironment - Adding PropertySource 'systemProperties' with lowest search precedence
13:56:06.491 [main] DEBUG org.springframework.core.env.StandardEnvironment - Adding PropertySource 'systemEnvironment' with lowest search precedence
13:56:06.492 [main] DEBUG org.springframework.core.env.StandardEnvironment - Initialized StandardEnvironment with PropertySources [MapPropertySource@897074030 {name='systemProperties', properties={idea.version=2021.3.1, java.runtime.name=Java(TM) SE Runtime Environment, sun.boot.library.path=C:\myprogram\Java\jdk-8-351\jre\bin, java.vm.version=25.351-b10, java.vm.vendor=Oracle Corporation, java.vendor.url=http://java.oracle.com/, path.separator=;, java.vm.name=Java HotSpot(TM) 64-Bit Server VM, file.encoding.pkg=sun.io, user.country=CN, user.script=, sun.java.launcher=SUN_STANDARD, sun.os.patch.level=, java.vm.specification.name=Java Virtual Machine Specification, user.dir=D:\work\code\java\pinetree\monolithicDemo, java.runtime.version=1.8.0_351-b10, basedir=D:\work\code\java\pinetree\monolithicDemo, java.awt.graphicsenv=sun.awt.Win32GraphicsEnvironment, java.endorsed.dirs=C:\myprogram\Java\jdk-8-351\jre\lib\endorsed, os.arch=amd64, surefire.real.class.path=D:\work\code\java\pinetree\monolithicDemo\target\surefire\surefirebooter4176679971840932503.jar, java.io.tmpdir=C:\Users\ADMINI~1\AppData\Local\Temp\, line.separator=
, java.vm.specification.vendor=Oracle Corporation, user.variant=, os.name=Windows 10, sun.jnu.encoding=GBK, java.library.path=C:\myprogram\Java\jdk-8-351\jre\bin;C:\Windows\Sun\Java\bin;C:\Windows\system32;C:\Windows;C:\Python311\Scripts\;C:\Python311\;C:\Windows\system32;C:\Windows;C:\Windows\System32\Wbem;C:\Windows\System32\WindowsPowerShell\v1.0\;C:\Windows\System32\OpenSSH\;C:\myprogram\Java\jdk-8-351\bin;C:\myprogram\go\\bin;C:\Program Files\TortoiseSVN\bin;C:\myprogram\apache-maven-3.8.4\bin;C:\myprogram\mongodb-database-tools-windows-x86_64-100.5.1\bin;C:\Program Files (x86)\Git\cmd;C:\Program Files\Microsoft SQL Server\130\Tools\Binn\;C:\Program Files (x86)\NetSarang\Xshell 7\;C:\myprogram\Redis-x64-5.0.14.1;C:\myprogram\nodejs\;C:\ProgramData\chocolatey\bin;C:\Users\Administrator\.cargo\bin;C:\Users\Administrator\AppData\Local\Microsoft\WindowsApps;;C:\Users\Administrator\AppData\Local\Programs\Microsoft VS Code\bin;C:\Users\Administrator\AppData\Roaming\npm;., surefire.test.class.path=D:\work\code\java\pinetree\monolithicDemo\target\test-classes;D:\work\code\java\pinetree\monolithicDemo\target\classes;C:\Users\Administrator\.m2\repository\org\springframework\boot\spring-boot-starter-web\1.5.9.RELEASE\spring-boot-starter-web-1.5.9.RELEASE.jar;C:\Users\Administrator\.m2\repository\org\springframework\boot\spring-boot-starter-tomcat\1.5.9.RELEASE\spring-boot-starter-tomcat-1.5.9.RELEASE.jar;C:\Users\Administrator\.m2\repository\org\apache\tomcat\embed\tomcat-embed-core\8.5.23\tomcat-embed-core-8.5.23.jar;C:\Users\Administrator\.m2\repository\org\apache\tomcat\tomcat-annotations-api\8.5.23\tomcat-annotations-api-8.5.23.jar;C:\Users\Administrator\.m2\repository\org\apache\tomcat\embed\tomcat-embed-el\8.5.23\tomcat-embed-el-8.5.23.jar;C:\Users\Administrator\.m2\repository\org\apache\tomcat\embed\tomcat-embed-websocket\8.5.23\tomcat-embed-websocket-8.5.23.jar;C:\Users\Administrator\.m2\repository\org\hibernate\hibernate-validator\5.3.6.Final\hibernate-validator-5.3.6.Final.jar;C:\Users\Administrator\.m2\repository\javax\validation\validation-api\1.1.0.Final\validation-api-1.1.0.Final.jar;C:\Users\Administrator\.m2\repository\org\jboss\logging\jboss-logging\3.3.1.Final\jboss-logging-3.3.1.Final.jar;C:\Users\Administrator\.m2\repository\com\fasterxml\jackson\core\jackson-databind\2.8.10\jackson-databind-2.8.10.jar;C:\Users\Administrator\.m2\repository\com\fasterxml\jackson\core\jackson-annotations\2.8.0\jackson-annotations-2.8.0.jar;C:\Users\Administrator\.m2\repository\com\fasterxml\jackson\core\jackson-core\2.8.10\jackson-core-2.8.10.jar;C:\Users\Administrator\.m2\repository\org\springframework\spring-web\4.3.13.RELEASE\spring-web-4.3.13.RELEASE.jar;C:\Users\Administrator\.m2\repository\org\springframework\spring-aop\4.3.13.RELEASE\spring-aop-4.3.13.RELEASE.jar;C:\Users\Administrator\.m2\repository\org\springframework\spring-beans\4.3.13.RELEASE\spring-beans-4.3.13.RELEASE.jar;C:\Users\Administrator\.m2\repository\org\springframework\spring-webmvc\4.3.13.RELEASE\spring-webmvc-4.3.13.RELEASE.jar;C:\Users\Administrator\.m2\repository\org\springframework\spring-expression\4.3.13.RELEASE\spring-expression-4.3.13.RELEASE.jar;C:\Users\Administrator\.m2\repository\org\springframework\boot\spring-boot-starter-freemarker\1.5.9.RELEASE\spring-boot-starter-freemarker-1.5.9.RELEASE.jar;C:\Users\Administrator\.m2\repository\org\freemarker\freemarker\2.3.27-incubating\freemarker-2.3.27-incubating.jar;C:\Users\Administrator\.m2\repository\org\springframework\spring-context-support\4.3.13.RELEASE\spring-context-support-4.3.13.RELEASE.jar;C:\Users\Administrator\.m2\repository\net\mingsoft\shiro-freemarker-tags\0.1\shiro-freemarker-tags-0.1.jar;C:\Users\Administrator\.m2\repository\commons-codec\commons-codec\1.10\commons-codec-1.10.jar;C:\Users\Administrator\.m2\repository\com\google\zxing\javase\3.1.0\javase-3.1.0.jar;C:\Users\Administrator\.m2\repository\com\google\zxing\core\3.1.0\core-3.1.0.jar;C:\Users\Administrator\.m2\repository\org\quartz-scheduler\quartz\2.2.1\quartz-2.2.1.jar;C:\Users\Administrator\.m2\repository\c3p0\c3p0\0.9.1.1\c3p0-0.9.1.1.jar;C:\Users\Administrator\.m2\repository\org\springframework\integration\spring-integration-mail\4.3.12.RELEASE\spring-integration-mail-4.3.12.RELEASE.jar;C:\Users\Administrator\.m2\repository\org\springframework\integration\spring-integration-core\4.3.12.RELEASE\spring-integration-core-4.3.12.RELEASE.jar;C:\Users\Administrator\.m2\repository\org\springframework\retry\spring-retry\1.2.1.RELEASE\spring-retry-1.2.1.RELEASE.jar;C:\Users\Administrator\.m2\repository\net\sourceforge\jexcelapi\jxl\2.6.12\jxl-2.6.12.jar;C:\Users\Administrator\.m2\repository\com\alibaba\fastjson\1.2.6\fastjson-1.2.6.jar;C:\Users\Administrator\.m2\repository\com\sun\mail\javax.mail\1.5.6\javax.mail-1.5.6.jar;C:\Users\Administrator\.m2\repository\javax\activation\activation\1.1\activation-1.1.jar;C:\Users\Administrator\.m2\repository\com\mortennobel\java-image-scaling\0.8.6\java-image-scaling-0.8.6.jar;C:\Users\Administrator\.m2\repository\com\jhlabs\filters\2.0.235\filters-2.0.235.jar;C:\Users\Administrator\.m2\repository\org\springframework\spring-core\4.3.13.RELEASE\spring-core-4.3.13.RELEASE.jar;C:\Users\Administrator\.m2\repository\javax\servlet\javax.servlet-api\3.1.0\javax.servlet-api-3.1.0.jar;C:\Users\Administrator\.m2\repository\org\springframework\spring-context\4.3.13.RELEASE\spring-context-4.3.13.RELEASE.jar;C:\Users\Administrator\.m2\repository\org\springframework\spring-tx\4.3.13.RELEASE\spring-tx-4.3.13.RELEASE.jar;C:\Users\Administrator\.m2\repository\org\apache\shiro\shiro-all\1.2.4\shiro-all-1.2.4.jar;C:\Users\Administrator\.m2\repository\org\apache\shiro\shiro-guice\1.2.4\shiro-guice-1.2.4.jar;C:\Users\Administrator\.m2\repository\com\google\inject\guice\3.0\guice-3.0.jar;C:\Users\Administrator\.m2\repository\javax\inject\javax.inject\1\javax.inject-1.jar;C:\Users\Administrator\.m2\repository\aopalliance\aopalliance\1.0\aopalliance-1.0.jar;C:\Users\Administrator\.m2\repository\com\google\inject\extensions\guice-multibindings\3.0\guice-multibindings-3.0.jar;C:\Users\Administrator\.m2\repository\org\apache\shiro\shiro-core\1.4.0\shiro-core-1.4.0.jar;C:\Users\Administrator\.m2\repository\org\apache\shiro\shiro-lang\1.4.0\shiro-lang-1.4.0.jar;C:\Users\Administrator\.m2\repository\org\apache\shiro\shiro-cache\1.4.0\shiro-cache-1.4.0.jar;C:\Users\Administrator\.m2\repository\org\apache\shiro\shiro-crypto-hash\1.4.0\shiro-crypto-hash-1.4.0.jar;C:\Users\Administrator\.m2\repository\org\apache\shiro\shiro-crypto-core\1.4.0\shiro-crypto-core-1.4.0.jar;C:\Users\Administrator\.m2\repository\org\apache\shiro\shiro-crypto-cipher\1.4.0\shiro-crypto-cipher-1.4.0.jar;C:\Users\Administrator\.m2\repository\org\apache\shiro\shiro-config-core\1.4.0\shiro-config-core-1.4.0.jar;C:\Users\Administrator\.m2\repository\org\apache\shiro\shiro-config-ogdl\1.4.0\shiro-config-ogdl-1.4.0.jar;C:\Users\Administrator\.m2\repository\commons-beanutils\commons-beanutils\1.9.3\commons-beanutils-1.9.3.jar;C:\Users\Administrator\.m2\repository\org\apache\shiro\shiro-event\1.4.0\shiro-event-1.4.0.jar;C:\Users\Administrator\.m2\repository\org\apache\shiro\shiro-spring\1.4.0\shiro-spring-1.4.0.jar;C:\Users\Administrator\.m2\repository\org\apache\shiro\shiro-web\1.4.0\shiro-web-1.4.0.jar;C:\Users\Administrator\.m2\repository\org\apache\shiro\shiro-ehcache\1.4.0\shiro-ehcache-1.4.0.jar;C:\Users\Administrator\.m2\repository\net\sf\ehcache\ehcache-core\2.6.11\ehcache-core-2.6.11.jar;C:\Users\Administrator\.m2\repository\org\crazycake\shiro-redis\2.4.2.1-RELEASE\shiro-redis-2.4.2.1-RELEASE.jar;C:\Users\Administrator\.m2\repository\redis\clients\jedis\2.9.0\jedis-2.9.0.jar;C:\Users\Administrator\.m2\repository\org\apache\commons\commons-pool2\2.4.3\commons-pool2-2.4.3.jar;C:\Users\Administrator\.m2\repository\org\slf4j\slf4j-api\1.7.25\slf4j-api-1.7.25.jar;C:\Users\Administrator\.m2\repository\org\springframework\boot\spring-boot-starter-data-redis\1.5.9.RELEASE\spring-boot-starter-data-redis-1.5.9.RELEASE.jar;C:\Users\Administrator\.m2\repository\org\springframework\data\spring-data-redis\1.8.9.RELEASE\spring-data-redis-1.8.9.RELEASE.jar;C:\Users\Administrator\.m2\repository\org\springframework\data\spring-data-keyvalue\1.2.9.RELEASE\spring-data-keyvalue-1.2.9.RELEASE.jar;C:\Users\Administrator\.m2\repository\org\springframework\spring-oxm\4.3.13.RELEASE\spring-oxm-4.3.13.RELEASE.jar;C:\Users\Administrator\.m2\repository\org\slf4j\jcl-over-slf4j\1.7.25\jcl-over-slf4j-1.7.25.jar;C:\Users\Administrator\.m2\repository\org\springframework\boot\spring-boot-starter-data-mongodb\1.5.9.RELEASE\spring-boot-starter-data-mongodb-1.5.9.RELEASE.jar;C:\Users\Administrator\.m2\repository\org\mongodb\mongodb-driver\3.4.3\mongodb-driver-3.4.3.jar;C:\Users\Administrator\.m2\repository\org\mongodb\mongodb-driver-core\3.4.3\mongodb-driver-core-3.4.3.jar;C:\Users\Administrator\.m2\repository\org\mongodb\bson\3.4.3\bson-3.4.3.jar;C:\Users\Administrator\.m2\repository\org\springframework\data\spring-data-mongodb\1.10.9.RELEASE\spring-data-mongodb-1.10.9.RELEASE.jar;C:\Users\Administrator\.m2\repository\org\springframework\data\spring-data-commons\1.13.9.RELEASE\spring-data-commons-1.13.9.RELEASE.jar;C:\Users\Administrator\.m2\repository\org\springframework\boot\spring-boot-starter-jdbc\1.5.9.RELEASE\spring-boot-starter-jdbc-1.5.9.RELEASE.jar;C:\Users\Administrator\.m2\repository\org\apache\tomcat\tomcat-jdbc\8.5.23\tomcat-jdbc-8.5.23.jar;C:\Users\Administrator\.m2\repository\org\apache\tomcat\tomcat-juli\8.5.23\tomcat-juli-8.5.23.jar;C:\Users\Administrator\.m2\repository\org\springframework\spring-jdbc\4.3.13.RELEASE\spring-jdbc-4.3.13.RELEASE.jar;C:\Users\Administrator\.m2\repository\com\baomidou\mybatisplus-spring-boot-starter\1.0.5\mybatisplus-spring-boot-starter-1.0.5.jar;C:\Users\Administrator\.m2\repository\org\springframework\boot\spring-boot-autoconfigure\1.5.9.RELEASE\spring-boot-autoconfigure-1.5.9.RELEASE.jar;C:\Users\Administrator\.m2\repository\org\springframework\boot\spring-boot-configuration-processor\1.5.9.RELEASE\spring-boot-configuration-processor-1.5.9.RELEASE.jar;C:\Users\Administrator\.m2\repository\com\vaadin\external\google\android-json\0.0.20131108.vaadin1\android-json-0.0.20131108.vaadin1.jar;C:\Users\Administrator\.m2\repository\com\baomidou\mybatis-plus\2.1.6\mybatis-plus-2.1.6.jar;C:\Users\Administrator\.m2\repository\com\baomidou\mybatis-plus-support\2.1.6\mybatis-plus-support-2.1.6.jar;C:\Users\Administrator\.m2\repository\com\baomidou\mybatis-plus-core\2.1.6\mybatis-plus-core-2.1.6.jar;C:\Users\Administrator\.m2\repository\com\github\jsqlparser\jsqlparser\1.1\jsqlparser-1.1.jar;C:\Users\Administrator\.m2\repository\org\mybatis\mybatis-spring\1.3.1\mybatis-spring-1.3.1.jar;C:\Users\Administrator\.m2\repository\org\mybatis\mybatis\3.4.5\mybatis-3.4.5.jar;C:\Users\Administrator\.m2\repository\com\baomidou\mybatis-plus-generate\2.1.6\mybatis-plus-generate-2.1.6.jar;C:\Users\Administrator\.m2\repository\com\alibaba\druid\1.1.3\druid-1.1.3.jar;C:\myprogram\Java\jdk-8-351\jre\..\lib\jconsole.jar;C:\myprogram\Java\jdk-8-351\jre\..\lib\tools.jar;C:\Users\Administrator\.m2\repository\mysql\mysql-connector-java\5.1.44\mysql-connector-java-5.1.44.jar;C:\Users\Administrator\.m2\repository\org\springframework\boot\spring-boot-starter-mail\1.5.9.RELEASE\spring-boot-starter-mail-1.5.9.RELEASE.jar;C:\Users\Administrator\.m2\repository\org\apache\velocity\velocity\1.7\velocity-1.7.jar;C:\Users\Administrator\.m2\repository\commons-collections\commons-collections\3.2.2\commons-collections-3.2.2.jar;C:\Users\Administrator\.m2\repository\commons-lang\commons-lang\2.4\commons-lang-2.4.jar;C:\Users\Administrator\.m2\repository\org\springframework\boot\spring-boot-devtools\1.5.9.RELEASE\spring-boot-devtools-1.5.9.RELEASE.jar;C:\Users\Administrator\.m2\repository\org\springframework\boot\spring-boot\1.5.9.RELEASE\spring-boot-1.5.9.RELEASE.jar;C:\Users\Administrator\.m2\repository\org\springframework\boot\spring-boot-starter-test\1.5.9.RELEASE\spring-boot-starter-test-1.5.9.RELEASE.jar;C:\Users\Administrator\.m2\repository\org\springframework\boot\spring-boot-test\1.5.9.RELEASE\spring-boot-test-1.5.9.RELEASE.jar;C:\Users\Administrator\.m2\repository\org\springframework\boot\spring-boot-test-autoconfigure\1.5.9.RELEASE\spring-boot-test-autoconfigure-1.5.9.RELEASE.jar;C:\Users\Administrator\.m2\repository\com\jayway\jsonpath\json-path\2.2.0\json-path-2.2.0.jar;C:\Users\Administrator\.m2\repository\net\minidev\json-smart\2.2.1\json-smart-2.2.1.jar;C:\Users\Administrator\.m2\repository\net\minidev\accessors-smart\1.1\accessors-smart-1.1.jar;C:\Users\Administrator\.m2\repository\org\ow2\asm\asm\5.0.3\asm-5.0.3.jar;C:\Users\Administrator\.m2\repository\junit\junit\4.12\junit-4.12.jar;C:\Users\Administrator\.m2\repository\org\assertj\assertj-core\2.6.0\assertj-core-2.6.0.jar;C:\Users\Administrator\.m2\repository\org\mockito\mockito-core\1.10.19\mockito-core-1.10.19.jar;C:\Users\Administrator\.m2\repository\org\hamcrest\hamcrest-core\1.3\hamcrest-core-1.3.jar;C:\Users\Administrator\.m2\repository\org\hamcrest\hamcrest-library\1.3\hamcrest-library-1.3.jar;C:\Users\Administrator\.m2\repository\org\skyscreamer\jsonassert\1.4.0\jsonassert-1.4.0.jar;C:\Users\Administrator\.m2\repository\org\springframework\spring-test\4.3.13.RELEASE\spring-test-4.3.13.RELEASE.jar;C:\Users\Administrator\.m2\repository\io\springfox\springfox-swagger2\2.7.0\springfox-swagger2-2.7.0.jar;C:\Users\Administrator\.m2\repository\io\swagger\swagger-annotations\1.5.13\swagger-annotations-1.5.13.jar;C:\Users\Administrator\.m2\repository\io\swagger\swagger-models\1.5.13\swagger-models-1.5.13.jar;C:\Users\Administrator\.m2\repository\io\springfox\springfox-spi\2.7.0\springfox-spi-2.7.0.jar;C:\Users\Administrator\.m2\repository\io\springfox\springfox-core\2.7.0\springfox-core-2.7.0.jar;C:\Users\Administrator\.m2\repository\net\bytebuddy\byte-buddy\1.6.14\byte-buddy-1.6.14.jar;C:\Users\Administrator\.m2\repository\io\springfox\springfox-schema\2.7.0\springfox-schema-2.7.0.jar;C:\Users\Administrator\.m2\repository\io\springfox\springfox-swagger-common\2.7.0\springfox-swagger-common-2.7.0.jar;C:\Users\Administrator\.m2\repository\io\springfox\springfox-spring-web\2.7.0\springfox-spring-web-2.7.0.jar;C:\Users\Administrator\.m2\repository\org\reflections\reflections\0.9.11\reflections-0.9.11.jar;C:\Users\Administrator\.m2\repository\org\javassist\javassist\3.21.0-GA\javassist-3.21.0-GA.jar;C:\Users\Administrator\.m2\repository\com\google\guava\guava\18.0\guava-18.0.jar;C:\Users\Administrator\.m2\repository\com\fasterxml\classmate\1.3.4\classmate-1.3.4.jar;C:\Users\Administrator\.m2\repository\org\springframework\plugin\spring-plugin-core\1.2.0.RELEASE\spring-plugin-core-1.2.0.RELEASE.jar;C:\Users\Administrator\.m2\repository\org\springframework\plugin\spring-plugin-metadata\1.2.0.RELEASE\spring-plugin-metadata-1.2.0.RELEASE.jar;C:\Users\Administrator\.m2\repository\org\mapstruct\mapstruct\1.1.0.Final\mapstruct-1.1.0.Final.jar;C:\Users\Administrator\.m2\repository\io\springfox\springfox-swagger-ui\2.7.0\springfox-swagger-ui-2.7.0.jar;C:\Users\Administrator\.m2\repository\org\apache\commons\commons-lang3\3.4\commons-lang3-3.4.jar;C:\Users\Administrator\.m2\repository\org\springframework\boot\spring-boot-starter\1.5.9.RELEASE\spring-boot-starter-1.5.9.RELEASE.jar;C:\Users\Administrator\.m2\repository\org\springframework\boot\spring-boot-starter-logging\1.5.9.RELEASE\spring-boot-starter-logging-1.5.9.RELEASE.jar;C:\Users\Administrator\.m2\repository\ch\qos\logback\logback-classic\1.1.11\logback-classic-1.1.11.jar;C:\Users\Administrator\.m2\repository\ch\qos\logback\logback-core\1.1.11\logback-core-1.1.11.jar;C:\Users\Administrator\.m2\repository\org\slf4j\jul-to-slf4j\1.7.25\jul-to-slf4j-1.7.25.jar;C:\Users\Administrator\.m2\repository\org\slf4j\log4j-over-slf4j\1.7.25\log4j-over-slf4j-1.7.25.jar;C:\Users\Administrator\.m2\repository\org\yaml\snakeyaml\1.17\snakeyaml-1.17.jar;C:\Users\Administrator\.m2\repository\com\github\crab2died\Excel4J\2.1.2\Excel4J-2.1.2.jar;C:\Users\Administrator\.m2\repository\org\apache\poi\poi\3.17\poi-3.17.jar;C:\Users\Administrator\.m2\repository\org\apache\commons\commons-collections4\4.1\commons-collections4-4.1.jar;C:\Users\Administrator\.m2\repository\org\apache\poi\poi-ooxml\3.17\poi-ooxml-3.17.jar;C:\Users\Administrator\.m2\repository\org\apache\poi\poi-ooxml-schemas\3.17\poi-ooxml-schemas-3.17.jar;C:\Users\Administrator\.m2\repository\org\apache\xmlbeans\xmlbeans\2.6.0\xmlbeans-2.6.0.jar;C:\Users\Administrator\.m2\repository\stax\stax-api\1.0.1\stax-api-1.0.1.jar;C:\Users\Administrator\.m2\repository\com\github\virtuald\curvesapi\1.04\curvesapi-1.04.jar;C:\Users\Administrator\.m2\repository\cz\mallat\uasparser\uasparser\0.6.2\uasparser-0.6.2.jar;C:\Users\Administrator\.m2\repository\net\sourceforge\jregex\jregex\1.2_01\jregex-1.2_01.jar;C:\Users\Administrator\.m2\repository\org\apache\commons\commons-compress\1.15\commons-compress-1.15.jar;C:\Users\Administrator\.m2\repository\org\objenesis\objenesis\2.6\objenesis-2.6.jar;C:\Users\Administrator\.m2\repository\org\springframework\boot\spring-boot-starter-websocket\1.5.9.RELEASE\spring-boot-starter-websocket-1.5.9.RELEASE.jar;C:\Users\Administrator\.m2\repository\org\springframework\spring-messaging\4.3.13.RELEASE\spring-messaging-4.3.13.RELEASE.jar;C:\Users\Administrator\.m2\repository\org\springframework\spring-websocket\4.3.13.RELEASE\spring-websocket-4.3.13.RELEASE.jar;C:\Users\Administrator\.m2\repository\org\springframework\statemachine\spring-statemachine-core\1.2.14.RELEASE\spring-statemachine-core-1.2.14.RELEASE.jar;, java.specification.name=Java Platform API Specification, java.class.version=52.0, sun.management.compiler=HotSpot 64-Bit Tiered Compilers, os.version=10.0, user.home=C:\Users\Administrator, user.timezone=Asia/Shanghai, java.awt.printerjob=sun.awt.windows.WPrinterJob, file.encoding=GBK, java.specification.version=1.8, java.class.path=D:\work\code\java\pinetree\monolithicDemo\target\test-classes;D:\work\code\java\pinetree\monolithicDemo\target\classes;C:\Users\Administrator\.m2\repository\org\springframework\boot\spring-boot-starter-web\1.5.9.RELEASE\spring-boot-starter-web-1.5.9.RELEASE.jar;C:\Users\Administrator\.m2\repository\org\springframework\boot\spring-boot-starter-tomcat\1.5.9.RELEASE\spring-boot-starter-tomcat-1.5.9.RELEASE.jar;C:\Users\Administrator\.m2\repository\org\apache\tomcat\embed\tomcat-embed-core\8.5.23\tomcat-embed-core-8.5.23.jar;C:\Users\Administrator\.m2\repository\org\apache\tomcat\tomcat-annotations-api\8.5.23\tomcat-annotations-api-8.5.23.jar;C:\Users\Administrator\.m2\repository\org\apache\tomcat\embed\tomcat-embed-el\8.5.23\tomcat-embed-el-8.5.23.jar;C:\Users\Administrator\.m2\repository\org\apache\tomcat\embed\tomcat-embed-websocket\8.5.23\tomcat-embed-websocket-8.5.23.jar;C:\Users\Administrator\.m2\repository\org\hibernate\hibernate-validator\5.3.6.Final\hibernate-validator-5.3.6.Final.jar;C:\Users\Administrator\.m2\repository\javax\validation\validation-api\1.1.0.Final\validation-api-1.1.0.Final.jar;C:\Users\Administrator\.m2\repository\org\jboss\logging\jboss-logging\3.3.1.Final\jboss-logging-3.3.1.Final.jar;C:\Users\Administrator\.m2\repository\com\fasterxml\jackson\core\jackson-databind\2.8.10\jackson-databind-2.8.10.jar;C:\Users\Administrator\.m2\repository\com\fasterxml\jackson\core\jackson-annotations\2.8.0\jackson-annotations-2.8.0.jar;C:\Users\Administrator\.m2\repository\com\fasterxml\jackson\core\jackson-core\2.8.10\jackson-core-2.8.10.jar;C:\Users\Administrator\.m2\repository\org\springframework\spring-web\4.3.13.RELEASE\spring-web-4.3.13.RELEASE.jar;C:\Users\Administrator\.m2\repository\org\springframework\spring-aop\4.3.13.RELEASE\spring-aop-4.3.13.RELEASE.jar;C:\Users\Administrator\.m2\repository\org\springframework\spring-beans\4.3.13.RELEASE\spring-beans-4.3.13.RELEASE.jar;C:\Users\Administrator\.m2\repository\org\springframework\spring-webmvc\4.3.13.RELEASE\spring-webmvc-4.3.13.RELEASE.jar;C:\Users\Administrator\.m2\repository\org\springframework\spring-expression\4.3.13.RELEASE\spring-expression-4.3.13.RELEASE.jar;C:\Users\Administrator\.m2\repository\org\springframework\boot\spring-boot-starter-freemarker\1.5.9.RELEASE\spring-boot-starter-freemarker-1.5.9.RELEASE.jar;C:\Users\Administrator\.m2\repository\org\freemarker\freemarker\2.3.27-incubating\freemarker-2.3.27-incubating.jar;C:\Users\Administrator\.m2\repository\org\springframework\spring-context-support\4.3.13.RELEASE\spring-context-support-4.3.13.RELEASE.jar;C:\Users\Administrator\.m2\repository\net\mingsoft\shiro-freemarker-tags\0.1\shiro-freemarker-tags-0.1.jar;C:\Users\Administrator\.m2\repository\commons-codec\commons-codec\1.10\commons-codec-1.10.jar;C:\Users\Administrator\.m2\repository\com\google\zxing\javase\3.1.0\javase-3.1.0.jar;C:\Users\Administrator\.m2\repository\com\google\zxing\core\3.1.0\core-3.1.0.jar;C:\Users\Administrator\.m2\repository\org\quartz-scheduler\quartz\2.2.1\quartz-2.2.1.jar;C:\Users\Administrator\.m2\repository\c3p0\c3p0\0.9.1.1\c3p0-0.9.1.1.jar;C:\Users\Administrator\.m2\repository\org\springframework\integration\spring-integration-mail\4.3.12.RELEASE\spring-integration-mail-4.3.12.RELEASE.jar;C:\Users\Administrator\.m2\repository\org\springframework\integration\spring-integration-core\4.3.12.RELEASE\spring-integration-core-4.3.12.RELEASE.jar;C:\Users\Administrator\.m2\repository\org\springframework\retry\spring-retry\1.2.1.RELEASE\spring-retry-1.2.1.RELEASE.jar;C:\Users\Administrator\.m2\repository\net\sourceforge\jexcelapi\jxl\2.6.12\jxl-2.6.12.jar;C:\Users\Administrator\.m2\repository\com\alibaba\fastjson\1.2.6\fastjson-1.2.6.jar;C:\Users\Administrator\.m2\repository\com\sun\mail\javax.mail\1.5.6\javax.mail-1.5.6.jar;C:\Users\Administrator\.m2\repository\javax\activation\activation\1.1\activation-1.1.jar;C:\Users\Administrator\.m2\repository\com\mortennobel\java-image-scaling\0.8.6\java-image-scaling-0.8.6.jar;C:\Users\Administrator\.m2\repository\com\jhlabs\filters\2.0.235\filters-2.0.235.jar;C:\Users\Administrator\.m2\repository\org\springframework\spring-core\4.3.13.RELEASE\spring-core-4.3.13.RELEASE.jar;C:\Users\Administrator\.m2\repository\javax\servlet\javax.servlet-api\3.1.0\javax.servlet-api-3.1.0.jar;C:\Users\Administrator\.m2\repository\org\springframework\spring-context\4.3.13.RELEASE\spring-context-4.3.13.RELEASE.jar;C:\Users\Administrator\.m2\repository\org\springframework\spring-tx\4.3.13.RELEASE\spring-tx-4.3.13.RELEASE.jar;C:\Users\Administrator\.m2\repository\org\apache\shiro\shiro-all\1.2.4\shiro-all-1.2.4.jar;C:\Users\Administrator\.m2\repository\org\apache\shiro\shiro-guice\1.2.4\shiro-guice-1.2.4.jar;C:\Users\Administrator\.m2\repository\com\google\inject\guice\3.0\guice-3.0.jar;C:\Users\Administrator\.m2\repository\javax\inject\javax.inject\1\javax.inject-1.jar;C:\Users\Administrator\.m2\repository\aopalliance\aopalliance\1.0\aopalliance-1.0.jar;C:\Users\Administrator\.m2\repository\com\google\inject\extensions\guice-multibindings\3.0\guice-multibindings-3.0.jar;C:\Users\Administrator\.m2\repository\org\apache\shiro\shiro-core\1.4.0\shiro-core-1.4.0.jar;C:\Users\Administrator\.m2\repository\org\apache\shiro\shiro-lang\1.4.0\shiro-lang-1.4.0.jar;C:\Users\Administrator\.m2\repository\org\apache\shiro\shiro-cache\1.4.0\shiro-cache-1.4.0.jar;C:\Users\Administrator\.m2\repository\org\apache\shiro\shiro-crypto-hash\1.4.0\shiro-crypto-hash-1.4.0.jar;C:\Users\Administrator\.m2\repository\org\apache\shiro\shiro-crypto-core\1.4.0\shiro-crypto-core-1.4.0.jar;C:\Users\Administrator\.m2\repository\org\apache\shiro\shiro-crypto-cipher\1.4.0\shiro-crypto-cipher-1.4.0.jar;C:\Users\Administrator\.m2\repository\org\apache\shiro\shiro-config-core\1.4.0\shiro-config-core-1.4.0.jar;C:\Users\Administrator\.m2\repository\org\apache\shiro\shiro-config-ogdl\1.4.0\shiro-config-ogdl-1.4.0.jar;C:\Users\Administrator\.m2\repository\commons-beanutils\commons-beanutils\1.9.3\commons-beanutils-1.9.3.jar;C:\Users\Administrator\.m2\repository\org\apache\shiro\shiro-event\1.4.0\shiro-event-1.4.0.jar;C:\Users\Administrator\.m2\repository\org\apache\shiro\shiro-spring\1.4.0\shiro-spring-1.4.0.jar;C:\Users\Administrator\.m2\repository\org\apache\shiro\shiro-web\1.4.0\shiro-web-1.4.0.jar;C:\Users\Administrator\.m2\repository\org\apache\shiro\shiro-ehcache\1.4.0\shiro-ehcache-1.4.0.jar;C:\Users\Administrator\.m2\repository\net\sf\ehcache\ehcache-core\2.6.11\ehcache-core-2.6.11.jar;C:\Users\Administrator\.m2\repository\org\crazycake\shiro-redis\2.4.2.1-RELEASE\shiro-redis-2.4.2.1-RELEASE.jar;C:\Users\Administrator\.m2\repository\redis\clients\jedis\2.9.0\jedis-2.9.0.jar;C:\Users\Administrator\.m2\repository\org\apache\commons\commons-pool2\2.4.3\commons-pool2-2.4.3.jar;C:\Users\Administrator\.m2\repository\org\slf4j\slf4j-api\1.7.25\slf4j-api-1.7.25.jar;C:\Users\Administrator\.m2\repository\org\springframework\boot\spring-boot-starter-data-redis\1.5.9.RELEASE\spring-boot-starter-data-redis-1.5.9.RELEASE.jar;C:\Users\Administrator\.m2\repository\org\springframework\data\spring-data-redis\1.8.9.RELEASE\spring-data-redis-1.8.9.RELEASE.jar;C:\Users\Administrator\.m2\repository\org\springframework\data\spring-data-keyvalue\1.2.9.RELEASE\spring-data-keyvalue-1.2.9.RELEASE.jar;C:\Users\Administrator\.m2\repository\org\springframework\spring-oxm\4.3.13.RELEASE\spring-oxm-4.3.13.RELEASE.jar;C:\Users\Administrator\.m2\repository\org\slf4j\jcl-over-slf4j\1.7.25\jcl-over-slf4j-1.7.25.jar;C:\Users\Administrator\.m2\repository\org\springframework\boot\spring-boot-starter-data-mongodb\1.5.9.RELEASE\spring-boot-starter-data-mongodb-1.5.9.RELEASE.jar;C:\Users\Administrator\.m2\repository\org\mongodb\mongodb-driver\3.4.3\mongodb-driver-3.4.3.jar;C:\Users\Administrator\.m2\repository\org\mongodb\mongodb-driver-core\3.4.3\mongodb-driver-core-3.4.3.jar;C:\Users\Administrator\.m2\repository\org\mongodb\bson\3.4.3\bson-3.4.3.jar;C:\Users\Administrator\.m2\repository\org\springframework\data\spring-data-mongodb\1.10.9.RELEASE\spring-data-mongodb-1.10.9.RELEASE.jar;C:\Users\Administrator\.m2\repository\org\springframework\data\spring-data-commons\1.13.9.RELEASE\spring-data-commons-1.13.9.RELEASE.jar;C:\Users\Administrator\.m2\repository\org\springframework\boot\spring-boot-starter-jdbc\1.5.9.RELEASE\spring-boot-starter-jdbc-1.5.9.RELEASE.jar;C:\Users\Administrator\.m2\repository\org\apache\tomcat\tomcat-jdbc\8.5.23\tomcat-jdbc-8.5.23.jar;C:\Users\Administrator\.m2\repository\org\apache\tomcat\tomcat-juli\8.5.23\tomcat-juli-8.5.23.jar;C:\Users\Administrator\.m2\repository\org\springframework\spring-jdbc\4.3.13.RELEASE\spring-jdbc-4.3.13.RELEASE.jar;C:\Users\Administrator\.m2\repository\com\baomidou\mybatisplus-spring-boot-starter\1.0.5\mybatisplus-spring-boot-starter-1.0.5.jar;C:\Users\Administrator\.m2\repository\org\springframework\boot\spring-boot-autoconfigure\1.5.9.RELEASE\spring-boot-autoconfigure-1.5.9.RELEASE.jar;C:\Users\Administrator\.m2\repository\org\springframework\boot\spring-boot-configuration-processor\1.5.9.RELEASE\spring-boot-configuration-processor-1.5.9.RELEASE.jar;C:\Users\Administrator\.m2\repository\com\vaadin\external\google\android-json\0.0.20131108.vaadin1\android-json-0.0.20131108.vaadin1.jar;C:\Users\Administrator\.m2\repository\com\baomidou\mybatis-plus\2.1.6\mybatis-plus-2.1.6.jar;C:\Users\Administrator\.m2\repository\com\baomidou\mybatis-plus-support\2.1.6\mybatis-plus-support-2.1.6.jar;C:\Users\Administrator\.m2\repository\com\baomidou\mybatis-plus-core\2.1.6\mybatis-plus-core-2.1.6.jar;C:\Users\Administrator\.m2\repository\com\github\jsqlparser\jsqlparser\1.1\jsqlparser-1.1.jar;C:\Users\Administrator\.m2\repository\org\mybatis\mybatis-spring\1.3.1\mybatis-spring-1.3.1.jar;C:\Users\Administrator\.m2\repository\org\mybatis\mybatis\3.4.5\mybatis-3.4.5.jar;C:\Users\Administrator\.m2\repository\com\baomidou\mybatis-plus-generate\2.1.6\mybatis-plus-generate-2.1.6.jar;C:\Users\Administrator\.m2\repository\com\alibaba\druid\1.1.3\druid-1.1.3.jar;C:\myprogram\Java\jdk-8-351\jre\..\lib\jconsole.jar;C:\myprogram\Java\jdk-8-351\jre\..\lib\tools.jar;C:\Users\Administrator\.m2\repository\mysql\mysql-connector-java\5.1.44\mysql-connector-java-5.1.44.jar;C:\Users\Administrator\.m2\repository\org\springframework\boot\spring-boot-starter-mail\1.5.9.RELEASE\spring-boot-starter-mail-1.5.9.RELEASE.jar;C:\Users\Administrator\.m2\repository\org\apache\velocity\velocity\1.7\velocity-1.7.jar;C:\Users\Administrator\.m2\repository\commons-collections\commons-collections\3.2.2\commons-collections-3.2.2.jar;C:\Users\Administrator\.m2\repository\commons-lang\commons-lang\2.4\commons-lang-2.4.jar;C:\Users\Administrator\.m2\repository\org\springframework\boot\spring-boot-devtools\1.5.9.RELEASE\spring-boot-devtools-1.5.9.RELEASE.jar;C:\Users\Administrator\.m2\repository\org\springframework\boot\spring-boot\1.5.9.RELEASE\spring-boot-1.5.9.RELEASE.jar;C:\Users\Administrator\.m2\repository\org\springframework\boot\spring-boot-starter-test\1.5.9.RELEASE\spring-boot-starter-test-1.5.9.RELEASE.jar;C:\Users\Administrator\.m2\repository\org\springframework\boot\spring-boot-test\1.5.9.RELEASE\spring-boot-test-1.5.9.RELEASE.jar;C:\Users\Administrator\.m2\repository\org\springframework\boot\spring-boot-test-autoconfigure\1.5.9.RELEASE\spring-boot-test-autoconfigure-1.5.9.RELEASE.jar;C:\Users\Administrator\.m2\repository\com\jayway\jsonpath\json-path\2.2.0\json-path-2.2.0.jar;C:\Users\Administrator\.m2\repository\net\minidev\json-smart\2.2.1\json-smart-2.2.1.jar;C:\Users\Administrator\.m2\repository\net\minidev\accessors-smart\1.1\accessors-smart-1.1.jar;C:\Users\Administrator\.m2\repository\org\ow2\asm\asm\5.0.3\asm-5.0.3.jar;C:\Users\Administrator\.m2\repository\junit\junit\4.12\junit-4.12.jar;C:\Users\Administrator\.m2\repository\org\assertj\assertj-core\2.6.0\assertj-core-2.6.0.jar;C:\Users\Administrator\.m2\repository\org\mockito\mockito-core\1.10.19\mockito-core-1.10.19.jar;C:\Users\Administrator\.m2\repository\org\hamcrest\hamcrest-core\1.3\hamcrest-core-1.3.jar;C:\Users\Administrator\.m2\repository\org\hamcrest\hamcrest-library\1.3\hamcrest-library-1.3.jar;C:\Users\Administrator\.m2\repository\org\skyscreamer\jsonassert\1.4.0\jsonassert-1.4.0.jar;C:\Users\Administrator\.m2\repository\org\springframework\spring-test\4.3.13.RELEASE\spring-test-4.3.13.RELEASE.jar;C:\Users\Administrator\.m2\repository\io\springfox\springfox-swagger2\2.7.0\springfox-swagger2-2.7.0.jar;C:\Users\Administrator\.m2\repository\io\swagger\swagger-annotations\1.5.13\swagger-annotations-1.5.13.jar;C:\Users\Administrator\.m2\repository\io\swagger\swagger-models\1.5.13\swagger-models-1.5.13.jar;C:\Users\Administrator\.m2\repository\io\springfox\springfox-spi\2.7.0\springfox-spi-2.7.0.jar;C:\Users\Administrator\.m2\repository\io\springfox\springfox-core\2.7.0\springfox-core-2.7.0.jar;C:\Users\Administrator\.m2\repository\net\bytebuddy\byte-buddy\1.6.14\byte-buddy-1.6.14.jar;C:\Users\Administrator\.m2\repository\io\springfox\springfox-schema\2.7.0\springfox-schema-2.7.0.jar;C:\Users\Administrator\.m2\repository\io\springfox\springfox-swagger-common\2.7.0\springfox-swagger-common-2.7.0.jar;C:\Users\Administrator\.m2\repository\io\springfox\springfox-spring-web\2.7.0\springfox-spring-web-2.7.0.jar;C:\Users\Administrator\.m2\repository\org\reflections\reflections\0.9.11\reflections-0.9.11.jar;C:\Users\Administrator\.m2\repository\org\javassist\javassist\3.21.0-GA\javassist-3.21.0-GA.jar;C:\Users\Administrator\.m2\repository\com\google\guava\guava\18.0\guava-18.0.jar;C:\Users\Administrator\.m2\repository\com\fasterxml\classmate\1.3.4\classmate-1.3.4.jar;C:\Users\Administrator\.m2\repository\org\springframework\plugin\spring-plugin-core\1.2.0.RELEASE\spring-plugin-core-1.2.0.RELEASE.jar;C:\Users\Administrator\.m2\repository\org\springframework\plugin\spring-plugin-metadata\1.2.0.RELEASE\spring-plugin-metadata-1.2.0.RELEASE.jar;C:\Users\Administrator\.m2\repository\org\mapstruct\mapstruct\1.1.0.Final\mapstruct-1.1.0.Final.jar;C:\Users\Administrator\.m2\repository\io\springfox\springfox-swagger-ui\2.7.0\springfox-swagger-ui-2.7.0.jar;C:\Users\Administrator\.m2\repository\org\apache\commons\commons-lang3\3.4\commons-lang3-3.4.jar;C:\Users\Administrator\.m2\repository\org\springframework\boot\spring-boot-starter\1.5.9.RELEASE\spring-boot-starter-1.5.9.RELEASE.jar;C:\Users\Administrator\.m2\repository\org\springframework\boot\spring-boot-starter-logging\1.5.9.RELEASE\spring-boot-starter-logging-1.5.9.RELEASE.jar;C:\Users\Administrator\.m2\repository\ch\qos\logback\logback-classic\1.1.11\logback-classic-1.1.11.jar;C:\Users\Administrator\.m2\repository\ch\qos\logback\logback-core\1.1.11\logback-core-1.1.11.jar;C:\Users\Administrator\.m2\repository\org\slf4j\jul-to-slf4j\1.7.25\jul-to-slf4j-1.7.25.jar;C:\Users\Administrator\.m2\repository\org\slf4j\log4j-over-slf4j\1.7.25\log4j-over-slf4j-1.7.25.jar;C:\Users\Administrator\.m2\repository\org\yaml\snakeyaml\1.17\snakeyaml-1.17.jar;C:\Users\Administrator\.m2\repository\com\github\crab2died\Excel4J\2.1.2\Excel4J-2.1.2.jar;C:\Users\Administrator\.m2\repository\org\apache\poi\poi\3.17\poi-3.17.jar;C:\Users\Administrator\.m2\repository\org\apache\commons\commons-collections4\4.1\commons-collections4-4.1.jar;C:\Users\Administrator\.m2\repository\org\apache\poi\poi-ooxml\3.17\poi-ooxml-3.17.jar;C:\Users\Administrator\.m2\repository\org\apache\poi\poi-ooxml-schemas\3.17\poi-ooxml-schemas-3.17.jar;C:\Users\Administrator\.m2\repository\org\apache\xmlbeans\xmlbeans\2.6.0\xmlbeans-2.6.0.jar;C:\Users\Administrator\.m2\repository\stax\stax-api\1.0.1\stax-api-1.0.1.jar;C:\Users\Administrator\.m2\repository\com\github\virtuald\curvesapi\1.04\curvesapi-1.04.jar;C:\Users\Administrator\.m2\repository\cz\mallat\uasparser\uasparser\0.6.2\uasparser-0.6.2.jar;C:\Users\Administrator\.m2\repository\net\sourceforge\jregex\jregex\1.2_01\jregex-1.2_01.jar;C:\Users\Administrator\.m2\repository\org\apache\commons\commons-compress\1.15\commons-compress-1.15.jar;C:\Users\Administrator\.m2\repository\org\objenesis\objenesis\2.6\objenesis-2.6.jar;C:\Users\Administrator\.m2\repository\org\springframework\boot\spring-boot-starter-websocket\1.5.9.RELEASE\spring-boot-starter-websocket-1.5.9.RELEASE.jar;C:\Users\Administrator\.m2\repository\org\springframework\spring-messaging\4.3.13.RELEASE\spring-messaging-4.3.13.RELEASE.jar;C:\Users\Administrator\.m2\repository\org\springframework\spring-websocket\4.3.13.RELEASE\spring-websocket-4.3.13.RELEASE.jar;C:\Users\Administrator\.m2\repository\org\springframework\statemachine\spring-statemachine-core\1.2.14.RELEASE\spring-statemachine-core-1.2.14.RELEASE.jar;, user.name=Administrator, java.vm.specification.version=1.8, sun.java.command=D:\work\code\java\pinetree\monolithicDemo\target\surefire\surefirebooter4176679971840932503.jar D:\work\code\java\pinetree\monolithicDemo\target\surefire\surefire7226677650012281112tmp D:\work\code\java\pinetree\monolithicDemo\target\surefire\surefire_02468508127196609334tmp, java.home=C:\myprogram\Java\jdk-8-351\jre, sun.arch.data.model=64, user.language=zh, java.specification.vendor=Oracle Corporation, awt.toolkit=sun.awt.windows.WToolkit, java.vm.info=mixed mode, java.version=1.8.0_351, java.ext.dirs=C:\myprogram\Java\jdk-8-351\jre\lib\ext;C:\Windows\Sun\Java\lib\ext, sun.boot.class.path=C:\myprogram\Java\jdk-8-351\jre\lib\resources.jar;C:\myprogram\Java\jdk-8-351\jre\lib\rt.jar;C:\myprogram\Java\jdk-8-351\jre\lib\jsse.jar;C:\myprogram\Java\jdk-8-351\jre\lib\jce.jar;C:\myprogram\Java\jdk-8-351\jre\lib\charsets.jar;C:\myprogram\Java\jdk-8-351\jre\lib\jfr.jar;C:\myprogram\Java\jdk-8-351\jre\classes, java.vendor=Oracle Corporation, java.specification.maintenance.version=4, localRepository=C:\Users\Administrator\.m2\repository, file.separator=\, java.vendor.url.bug=http://bugreport.sun.com/bugreport/, sun.io.unicode.encoding=UnicodeLittle, sun.cpu.endian=little, sun.desktop=windows, sun.cpu.isalist=amd64}}, SystemEnvironmentPropertySource@1885996206 {name='systemEnvironment', properties={PATH=C:\Python311\Scripts\;C:\Python311\;C:\Windows\system32;C:\Windows;C:\Windows\System32\Wbem;C:\Windows\System32\WindowsPowerShell\v1.0\;C:\Windows\System32\OpenSSH\;C:\myprogram\Java\jdk-8-351\bin;C:\myprogram\go\\bin;C:\Program Files\TortoiseSVN\bin;C:\myprogram\apache-maven-3.8.4\bin;C:\myprogram\mongodb-database-tools-windows-x86_64-100.5.1\bin;C:\Program Files (x86)\Git\cmd;C:\Program Files\Microsoft SQL Server\130\Tools\Binn\;C:\Program Files (x86)\NetSarang\Xshell 7\;C:\myprogram\Redis-x64-5.0.14.1;C:\myprogram\nodejs\;C:\ProgramData\chocolatey\bin;C:\Users\Administrator\.cargo\bin;C:\Users\Administrator\AppData\Local\Microsoft\WindowsApps;;C:\Users\Administrator\AppData\Local\Programs\Microsoft VS Code\bin;C:\Users\Administrator\AppData\Roaming\npm, USERDOMAIN_ROAMINGPROFILE=SD-20211207KKKV, PROCESSOR_LEVEL=6, SYSTEMDRIVE=C:, SESSIONNAME=Console, ALLUSERSPROFILE=C:\ProgramData, PROCESSOR_ARCHITECTURE=AMD64, DRIVERDATA=C:\Windows\System32\Drivers\DriverData, PROGRAMFILES=C:\Program Files, PSMODULEPATH=C:\Program Files\WindowsPowerShell\Modules;C:\Windows\system32\WindowsPowerShell\v1.0\Modules, PROGRAMDATA=C:\ProgramData, CHOCOLATEYLASTPATHUPDATE=133150480566956960, USERNAME=Administrator, LS_JAVA_HOME=D:\work\code\java\pinetree\midservers\logstash-7.17.3-windows-x86_64\logstash-7.17.3\jdk, PATHEXT=.COM;.EXE;.BAT;.CMD;.VBS;.VBE;.JS;.JSE;.WSF;.WSH;.MSC;.PY;.PYW, WINDIR=C:\Windows, HOMEPATH=\Users\Administrator, PROCESSOR_IDENTIFIER=Intel64 Family 6 Model 158 Stepping 10, GenuineIntel, PUBLIC=C:\Users\Public, =::=::\, ZES_ENABLE_SYSMAN=1, LOCALAPPDATA=C:\Users\Administrator\AppData\Local, COMMONPROGRAMFILES(X86)=C:\Program Files (x86)\Common Files, USERDOMAIN=SD-20211207KKKV, LOGONSERVER=\\SD-20211207KKKV, JAVA_HOME=C:\myprogram\Java\jdk-8-351, PROMPT=$P$G, PROGRAMFILES(X86)=C:\Program Files (x86), ERLANG_HOME=C:\myprogram\Erlang OTP, GO_HOME=C:\myprogram\go\, APPDATA=C:\Users\Administrator\AppData\Roaming, ES_JAVA_HOME=D:\work\code\java\pinetree\midservers\elasticsearch-7.17.3-windows-x86_64\elasticsearch-7.17.3\jdk, PROGRAMW6432=C:\Program Files, SYSTEMROOT=C:\Windows, CHOCOLATEYINSTALL=C:\ProgramData\chocolatey, VBOX_MSI_INSTALL_PATH=C:\Program Files\Oracle\VirtualBox\, OS=Windows_NT, COMMONPROGRAMW6432=C:\Program Files\Common Files, COMPUTERNAME=SD-20211207KKKV, COMMONPROGRAMFILES=C:\Program Files\Common Files, COMSPEC=C:\Windows\system32\cmd.exe, PROCESSOR_REVISION=9e0a, CLASSPATH=.;C:\myprogram\Java\jdk-8-351\lib\dt.jar;C:\myprogram\Java\jdk-8-351\lib\tools.jar, =D:=D:\work\code\java\pinetree\monolithicDemo, TEMP=C:\Users\ADMINI~1\AppData\Local\Temp, HOMEDRIVE=C:, USERPROFILE=C:\Users\Administrator, TMP=C:\Users\ADMINI~1\AppData\Local\Temp, NUMBER_OF_PROCESSORS=12, IDEA_INITIAL_DIRECTORY=C:\Windows\system32}}]
13:56:06.520 [main] DEBUG org.springframework.core.io.support.PathMatchingResourcePatternResolver - Resolved classpath location [com/qq183311108/mail/] to resources [URL [file:/D:/work/code/java/pinetree/monolithicDemo/target/test-classes/com/qq183311108/mail/]]
13:56:06.520 [main] DEBUG org.springframework.core.io.support.PathMatchingResourcePatternResolver - Looking for matching resources in directory tree [D:\work\code\java\pinetree\monolithicDemo\target\test-classes\com\qq183311108\mail]
13:56:06.521 [main] DEBUG org.springframework.core.io.support.PathMatchingResourcePatternResolver - Searching directory [D:\work\code\java\pinetree\monolithicDemo\target\test-classes\com\qq183311108\mail] for files matching pattern [D:/work/code/java/pinetree/monolithicDemo/target/test-classes/com/qq183311108/mail/*.class]
13:56:06.522 [main] DEBUG org.springframework.core.io.support.PathMatchingResourcePatternResolver - Resolved location pattern [classpath*:com/qq183311108/mail/*.class] to resources [file [D:\work\code\java\pinetree\monolithicDemo\target\test-classes\com\qq183311108\mail\MailTest.class]]
13:56:06.537 [main] DEBUG org.springframework.core.io.support.PathMatchingResourcePatternResolver - Resolved classpath location [com/qq183311108/] to resources [URL [file:/D:/work/code/java/pinetree/monolithicDemo/target/test-classes/com/qq183311108/], URL [file:/D:/work/code/java/pinetree/monolithicDemo/target/classes/com/qq183311108/]]
13:56:06.537 [main] DEBUG org.springframework.core.io.support.PathMatchingResourcePatternResolver - Looking for matching resources in directory tree [D:\work\code\java\pinetree\monolithicDemo\target\test-classes\com\qq183311108]
13:56:06.537 [main] DEBUG org.springframework.core.io.support.PathMatchingResourcePatternResolver - Searching directory [D:\work\code\java\pinetree\monolithicDemo\target\test-classes\com\qq183311108] for files matching pattern [D:/work/code/java/pinetree/monolithicDemo/target/test-classes/com/qq183311108/*.class]
13:56:06.538 [main] DEBUG org.springframework.core.io.support.PathMatchingResourcePatternResolver - Looking for matching resources in directory tree [D:\work\code\java\pinetree\monolithicDemo\target\classes\com\qq183311108]
13:56:06.538 [main] DEBUG org.springframework.core.io.support.PathMatchingResourcePatternResolver - Searching directory [D:\work\code\java\pinetree\monolithicDemo\target\classes\com\qq183311108] for files matching pattern [D:/work/code/java/pinetree/monolithicDemo/target/classes/com/qq183311108/*.class]
13:56:06.538 [main] DEBUG org.springframework.core.io.support.PathMatchingResourcePatternResolver - Resolved location pattern [classpath*:com/qq183311108/*.class] to resources [file [D:\work\code\java\pinetree\monolithicDemo\target\test-classes\com\qq183311108\AbstractTestController.class], file [D:\work\code\java\pinetree\monolithicDemo\target\classes\com\qq183311108\FirmwareServerApplication.class]]
13:56:06.563 [main] DEBUG org.springframework.context.annotation.ClassPathScanningCandidateComponentProvider - Identified candidate component class: file [D:\work\code\java\pinetree\monolithicDemo\target\classes\com\qq183311108\FirmwareServerApplication.class]
13:56:06.563 [main] INFO org.springframework.boot.test.context.SpringBootTestContextBootstrapper - Found @SpringBootConfiguration com.qq183311108.FirmwareServerApplication for test class com.qq183311108.mail.MailTest
13:56:06.565 [main] DEBUG org.springframework.boot.test.context.SpringBootTestContextBootstrapper - @TestExecutionListeners is not present for class [com.qq183311108.mail.MailTest]: using defaults.
13:56:06.568 [main] INFO org.springframework.boot.test.context.SpringBootTestContextBootstrapper - Loaded default TestExecutionListener class names from location [META-INF/spring.factories]: [org.springframework.boot.test.mock.mockito.MockitoTestExecutionListener, org.springframework.boot.test.mock.mockito.ResetMocksTestExecutionListener, org.springframework.boot.test.autoconfigure.restdocs.RestDocsTestExecutionListener, org.springframework.boot.test.autoconfigure.web.client.MockRestServiceServerResetTestExecutionListener, org.springframework.boot.test.autoconfigure.web.servlet.MockMvcPrintOnlyOnFailureTestExecutionListener, org.springframework.boot.test.autoconfigure.web.servlet.WebDriverTestExecutionListener, org.springframework.test.context.web.ServletTestExecutionListener, org.springframework.test.context.support.DirtiesContextBeforeModesTestExecutionListener, org.springframework.test.context.support.DependencyInjectionTestExecutionListener, org.springframework.test.context.support.DirtiesContextTestExecutionListener, org.springframework.test.context.transaction.TransactionalTestExecutionListener, org.springframework.test.context.jdbc.SqlScriptsTestExecutionListener]
13:56:06.586 [main] INFO org.springframework.boot.test.context.SpringBootTestContextBootstrapper - Using TestExecutionListeners: [org.springframework.test.context.web.ServletTestExecutionListener@6295d394, org.springframework.test.context.support.DirtiesContextBeforeModesTestExecutionListener@475e586c, org.springframework.boot.test.autoconfigure.SpringBootDependencyInjectionTestExecutionListener@657c8ad9, org.springframework.test.context.support.DirtiesContextTestExecutionListener@436a4e4b, org.springframework.test.context.transaction.TransactionalTestExecutionListener@f2f2cc1, org.springframework.test.context.jdbc.SqlScriptsTestExecutionListener@3a079870, org.springframework.boot.test.autoconfigure.web.servlet.WebDriverTestExecutionListener@3b2cf7ab, org.springframework.boot.test.autoconfigure.restdocs.RestDocsTestExecutionListener@2aa5fe93, org.springframework.boot.test.autoconfigure.web.client.MockRestServiceServerResetTestExecutionListener@5c1a8622, org.springframework.boot.test.mock.mockito.ResetMocksTestExecutionListener@5ad851c9, org.springframework.boot.test.mock.mockito.MockitoTestExecutionListener@6156496, org.springframework.boot.test.autoconfigure.web.servlet.MockMvcPrintOnlyOnFailureTestExecutionListener@3c153a1]
13:56:06.587 [main] DEBUG org.springframework.test.context.junit4.SpringJUnit4ClassRunner - SpringJUnit4ClassRunner constructor called with [class com.qq183311108.sys.controller.PermissionControllerTest]
13:56:06.590 [main] DEBUG org.springframework.test.context.BootstrapUtils - Instantiating CacheAwareContextLoaderDelegate from class [org.springframework.test.context.cache.DefaultCacheAwareContextLoaderDelegate]
13:56:06.591 [main] DEBUG org.springframework.test.context.BootstrapUtils - Instantiating BootstrapContext using constructor [public org.springframework.test.context.support.DefaultBootstrapContext(java.lang.Class,org.springframework.test.context.CacheAwareContextLoaderDelegate)]
13:56:06.591 [main] DEBUG org.springframework.test.context.BootstrapUtils - Instantiating TestContextBootstrapper for test class [com.qq183311108.sys.controller.PermissionControllerTest] from class [org.springframework.boot.test.context.SpringBootTestContextBootstrapper]
13:56:06.591 [main] INFO org.springframework.boot.test.context.SpringBootTestContextBootstrapper - Neither @ContextConfiguration nor @ContextHierarchy found for test class [com.qq183311108.sys.controller.PermissionControllerTest], using SpringBootContextLoader
13:56:06.592 [main] DEBUG org.springframework.test.context.support.AbstractContextLoader - Did not detect default resource location for test class [com.qq183311108.sys.controller.PermissionControllerTest]: class path resource [com/qq183311108/sys/controller/PermissionControllerTest-context.xml] does not exist
13:56:06.592 [main] DEBUG org.springframework.test.context.support.AbstractContextLoader - Did not detect default resource location for test class [com.qq183311108.sys.controller.PermissionControllerTest]: class path resource [com/qq183311108/sys/controller/PermissionControllerTestContext.groovy] does not exist
13:56:06.592 [main] INFO org.springframework.test.context.support.AbstractContextLoader - Could not detect default resource locations for test class [com.qq183311108.sys.controller.PermissionControllerTest]: no resource found for suffixes {-context.xml, Context.groovy}.
13:56:06.592 [main] INFO org.springframework.test.context.support.AnnotationConfigContextLoaderUtils - Could not detect default configuration classes for test class [com.qq183311108.sys.controller.PermissionControllerTest]: PermissionControllerTest does not declare any static, non-private, non-final, nested classes annotated with @Configuration.
13:56:06.599 [main] DEBUG org.springframework.test.context.support.ActiveProfilesUtils - Could not find an 'annotation declaring class' for annotation type [org.springframework.test.context.ActiveProfiles] and class [com.qq183311108.sys.controller.PermissionControllerTest]
13:56:06.600 [main] DEBUG org.springframework.core.env.StandardEnvironment - Adding PropertySource 'systemProperties' with lowest search precedence
13:56:06.600 [main] DEBUG org.springframework.core.env.StandardEnvironment - Adding PropertySource 'systemEnvironment' with lowest search precedence
13:56:06.600 [main] DEBUG org.springframework.core.env.StandardEnvironment - Initialized StandardEnvironment with PropertySources [MapPropertySource@502800944 {name='systemProperties', properties={idea.version=2021.3.1, java.runtime.name=Java(TM) SE Runtime Environment, sun.boot.library.path=C:\myprogram\Java\jdk-8-351\jre\bin, java.vm.version=25.351-b10, java.vm.vendor=Oracle Corporation, java.vendor.url=http://java.oracle.com/, path.separator=;, java.vm.name=Java HotSpot(TM) 64-Bit Server VM, file.encoding.pkg=sun.io, user.country=CN, user.script=, sun.java.launcher=SUN_STANDARD, sun.os.patch.level=, java.vm.specification.name=Java Virtual Machine Specification, user.dir=D:\work\code\java\pinetree\monolithicDemo, java.runtime.version=1.8.0_351-b10, basedir=D:\work\code\java\pinetree\monolithicDemo, java.awt.graphicsenv=sun.awt.Win32GraphicsEnvironment, java.endorsed.dirs=C:\myprogram\Java\jdk-8-351\jre\lib\endorsed, os.arch=amd64, surefire.real.class.path=D:\work\code\java\pinetree\monolithicDemo\target\surefire\surefirebooter4176679971840932503.jar, java.io.tmpdir=C:\Users\ADMINI~1\AppData\Local\Temp\, line.separator=
, java.vm.specification.vendor=Oracle Corporation, user.variant=, os.name=Windows 10, sun.jnu.encoding=GBK, java.library.path=C:\myprogram\Java\jdk-8-351\jre\bin;C:\Windows\Sun\Java\bin;C:\Windows\system32;C:\Windows;C:\Python311\Scripts\;C:\Python311\;C:\Windows\system32;C:\Windows;C:\Windows\System32\Wbem;C:\Windows\System32\WindowsPowerShell\v1.0\;C:\Windows\System32\OpenSSH\;C:\myprogram\Java\jdk-8-351\bin;C:\myprogram\go\\bin;C:\Program Files\TortoiseSVN\bin;C:\myprogram\apache-maven-3.8.4\bin;C:\myprogram\mongodb-database-tools-windows-x86_64-100.5.1\bin;C:\Program Files (x86)\Git\cmd;C:\Program Files\Microsoft SQL Server\130\Tools\Binn\;C:\Program Files (x86)\NetSarang\Xshell 7\;C:\myprogram\Redis-x64-5.0.14.1;C:\myprogram\nodejs\;C:\ProgramData\chocolatey\bin;C:\Users\Administrator\.cargo\bin;C:\Users\Administrator\AppData\Local\Microsoft\WindowsApps;;C:\Users\Administrator\AppData\Local\Programs\Microsoft VS Code\bin;C:\Users\Administrator\AppData\Roaming\npm;., surefire.test.class.path=D:\work\code\java\pinetree\monolithicDemo\target\test-classes;D:\work\code\java\pinetree\monolithicDemo\target\classes;C:\Users\Administrator\.m2\repository\org\springframework\boot\spring-boot-starter-web\1.5.9.RELEASE\spring-boot-starter-web-1.5.9.RELEASE.jar;C:\Users\Administrator\.m2\repository\org\springframework\boot\spring-boot-starter-tomcat\1.5.9.RELEASE\spring-boot-starter-tomcat-1.5.9.RELEASE.jar;C:\Users\Administrator\.m2\repository\org\apache\tomcat\embed\tomcat-embed-core\8.5.23\tomcat-embed-core-8.5.23.jar;C:\Users\Administrator\.m2\repository\org\apache\tomcat\tomcat-annotations-api\8.5.23\tomcat-annotations-api-8.5.23.jar;C:\Users\Administrator\.m2\repository\org\apache\tomcat\embed\tomcat-embed-el\8.5.23\tomcat-embed-el-8.5.23.jar;C:\Users\Administrator\.m2\repository\org\apache\tomcat\embed\tomcat-embed-websocket\8.5.23\tomcat-embed-websocket-8.5.23.jar;C:\Users\Administrator\.m2\repository\org\hibernate\hibernate-validator\5.3.6.Final\hibernate-validator-5.3.6.Final.jar;C:\Users\Administrator\.m2\repository\javax\validation\validation-api\1.1.0.Final\validation-api-1.1.0.Final.jar;C:\Users\Administrator\.m2\repository\org\jboss\logging\jboss-logging\3.3.1.Final\jboss-logging-3.3.1.Final.jar;C:\Users\Administrator\.m2\repository\com\fasterxml\jackson\core\jackson-databind\2.8.10\jackson-databind-2.8.10.jar;C:\Users\Administrator\.m2\repository\com\fasterxml\jackson\core\jackson-annotations\2.8.0\jackson-annotations-2.8.0.jar;C:\Users\Administrator\.m2\repository\com\fasterxml\jackson\core\jackson-core\2.8.10\jackson-core-2.8.10.jar;C:\Users\Administrator\.m2\repository\org\springframework\spring-web\4.3.13.RELEASE\spring-web-4.3.13.RELEASE.jar;C:\Users\Administrator\.m2\repository\org\springframework\spring-aop\4.3.13.RELEASE\spring-aop-4.3.13.RELEASE.jar;C:\Users\Administrator\.m2\repository\org\springframework\spring-beans\4.3.13.RELEASE\spring-beans-4.3.13.RELEASE.jar;C:\Users\Administrator\.m2\repository\org\springframework\spring-webmvc\4.3.13.RELEASE\spring-webmvc-4.3.13.RELEASE.jar;C:\Users\Administrator\.m2\repository\org\springframework\spring-expression\4.3.13.RELEASE\spring-expression-4.3.13.RELEASE.jar;C:\Users\Administrator\.m2\repository\org\springframework\boot\spring-boot-starter-freemarker\1.5.9.RELEASE\spring-boot-starter-freemarker-1.5.9.RELEASE.jar;C:\Users\Administrator\.m2\repository\org\freemarker\freemarker\2.3.27-incubating\freemarker-2.3.27-incubating.jar;C:\Users\Administrator\.m2\repository\org\springframework\spring-context-support\4.3.13.RELEASE\spring-context-support-4.3.13.RELEASE.jar;C:\Users\Administrator\.m2\repository\net\mingsoft\shiro-freemarker-tags\0.1\shiro-freemarker-tags-0.1.jar;C:\Users\Administrator\.m2\repository\commons-codec\commons-codec\1.10\commons-codec-1.10.jar;C:\Users\Administrator\.m2\repository\com\google\zxing\javase\3.1.0\javase-3.1.0.jar;C:\Users\Administrator\.m2\repository\com\google\zxing\core\3.1.0\core-3.1.0.jar;C:\Users\Administrator\.m2\repository\org\quartz-scheduler\quartz\2.2.1\quartz-2.2.1.jar;C:\Users\Administrator\.m2\repository\c3p0\c3p0\0.9.1.1\c3p0-0.9.1.1.jar;C:\Users\Administrator\.m2\repository\org\springframework\integration\spring-integration-mail\4.3.12.RELEASE\spring-integration-mail-4.3.12.RELEASE.jar;C:\Users\Administrator\.m2\repository\org\springframework\integration\spring-integration-core\4.3.12.RELEASE\spring-integration-core-4.3.12.RELEASE.jar;C:\Users\Administrator\.m2\repository\org\springframework\retry\spring-retry\1.2.1.RELEASE\spring-retry-1.2.1.RELEASE.jar;C:\Users\Administrator\.m2\repository\net\sourceforge\jexcelapi\jxl\2.6.12\jxl-2.6.12.jar;C:\Users\Administrator\.m2\repository\com\alibaba\fastjson\1.2.6\fastjson-1.2.6.jar;C:\Users\Administrator\.m2\repository\com\sun\mail\javax.mail\1.5.6\javax.mail-1.5.6.jar;C:\Users\Administrator\.m2\repository\javax\activation\activation\1.1\activation-1.1.jar;C:\Users\Administrator\.m2\repository\com\mortennobel\java-image-scaling\0.8.6\java-image-scaling-0.8.6.jar;C:\Users\Administrator\.m2\repository\com\jhlabs\filters\2.0.235\filters-2.0.235.jar;C:\Users\Administrator\.m2\repository\org\springframework\spring-core\4.3.13.RELEASE\spring-core-4.3.13.RELEASE.jar;C:\Users\Administrator\.m2\repository\javax\servlet\javax.servlet-api\3.1.0\javax.servlet-api-3.1.0.jar;C:\Users\Administrator\.m2\repository\org\springframework\spring-context\4.3.13.RELEASE\spring-context-4.3.13.RELEASE.jar;C:\Users\Administrator\.m2\repository\org\springframework\spring-tx\4.3.13.RELEASE\spring-tx-4.3.13.RELEASE.jar;C:\Users\Administrator\.m2\repository\org\apache\shiro\shiro-all\1.2.4\shiro-all-1.2.4.jar;C:\Users\Administrator\.m2\repository\org\apache\shiro\shiro-guice\1.2.4\shiro-guice-1.2.4.jar;C:\Users\Administrator\.m2\repository\com\google\inject\guice\3.0\guice-3.0.jar;C:\Users\Administrator\.m2\repository\javax\inject\javax.inject\1\javax.inject-1.jar;C:\Users\Administrator\.m2\repository\aopalliance\aopalliance\1.0\aopalliance-1.0.jar;C:\Users\Administrator\.m2\repository\com\google\inject\extensions\guice-multibindings\3.0\guice-multibindings-3.0.jar;C:\Users\Administrator\.m2\repository\org\apache\shiro\shiro-core\1.4.0\shiro-core-1.4.0.jar;C:\Users\Administrator\.m2\repository\org\apache\shiro\shiro-lang\1.4.0\shiro-lang-1.4.0.jar;C:\Users\Administrator\.m2\repository\org\apache\shiro\shiro-cache\1.4.0\shiro-cache-1.4.0.jar;C:\Users\Administrator\.m2\repository\org\apache\shiro\shiro-crypto-hash\1.4.0\shiro-crypto-hash-1.4.0.jar;C:\Users\Administrator\.m2\repository\org\apache\shiro\shiro-crypto-core\1.4.0\shiro-crypto-core-1.4.0.jar;C:\Users\Administrator\.m2\repository\org\apache\shiro\shiro-crypto-cipher\1.4.0\shiro-crypto-cipher-1.4.0.jar;C:\Users\Administrator\.m2\repository\org\apache\shiro\shiro-config-core\1.4.0\shiro-config-core-1.4.0.jar;C:\Users\Administrator\.m2\repository\org\apache\shiro\shiro-config-ogdl\1.4.0\shiro-config-ogdl-1.4.0.jar;C:\Users\Administrator\.m2\repository\commons-beanutils\commons-beanutils\1.9.3\commons-beanutils-1.9.3.jar;C:\Users\Administrator\.m2\repository\org\apache\shiro\shiro-event\1.4.0\shiro-event-1.4.0.jar;C:\Users\Administrator\.m2\repository\org\apache\shiro\shiro-spring\1.4.0\shiro-spring-1.4.0.jar;C:\Users\Administrator\.m2\repository\org\apache\shiro\shiro-web\1.4.0\shiro-web-1.4.0.jar;C:\Users\Administrator\.m2\repository\org\apache\shiro\shiro-ehcache\1.4.0\shiro-ehcache-1.4.0.jar;C:\Users\Administrator\.m2\repository\net\sf\ehcache\ehcache-core\2.6.11\ehcache-core-2.6.11.jar;C:\Users\Administrator\.m2\repository\org\crazycake\shiro-redis\2.4.2.1-RELEASE\shiro-redis-2.4.2.1-RELEASE.jar;C:\Users\Administrator\.m2\repository\redis\clients\jedis\2.9.0\jedis-2.9.0.jar;C:\Users\Administrator\.m2\repository\org\apache\commons\commons-pool2\2.4.3\commons-pool2-2.4.3.jar;C:\Users\Administrator\.m2\repository\org\slf4j\slf4j-api\1.7.25\slf4j-api-1.7.25.jar;C:\Users\Administrator\.m2\repository\org\springframework\boot\spring-boot-starter-data-redis\1.5.9.RELEASE\spring-boot-starter-data-redis-1.5.9.RELEASE.jar;C:\Users\Administrator\.m2\repository\org\springframework\data\spring-data-redis\1.8.9.RELEASE\spring-data-redis-1.8.9.RELEASE.jar;C:\Users\Administrator\.m2\repository\org\springframework\data\spring-data-keyvalue\1.2.9.RELEASE\spring-data-keyvalue-1.2.9.RELEASE.jar;C:\Users\Administrator\.m2\repository\org\springframework\spring-oxm\4.3.13.RELEASE\spring-oxm-4.3.13.RELEASE.jar;C:\Users\Administrator\.m2\repository\org\slf4j\jcl-over-slf4j\1.7.25\jcl-over-slf4j-1.7.25.jar;C:\Users\Administrator\.m2\repository\org\springframework\boot\spring-boot-starter-data-mongodb\1.5.9.RELEASE\spring-boot-starter-data-mongodb-1.5.9.RELEASE.jar;C:\Users\Administrator\.m2\repository\org\mongodb\mongodb-driver\3.4.3\mongodb-driver-3.4.3.jar;C:\Users\Administrator\.m2\repository\org\mongodb\mongodb-driver-core\3.4.3\mongodb-driver-core-3.4.3.jar;C:\Users\Administrator\.m2\repository\org\mongodb\bson\3.4.3\bson-3.4.3.jar;C:\Users\Administrator\.m2\repository\org\springframework\data\spring-data-mongodb\1.10.9.RELEASE\spring-data-mongodb-1.10.9.RELEASE.jar;C:\Users\Administrator\.m2\repository\org\springframework\data\spring-data-commons\1.13.9.RELEASE\spring-data-commons-1.13.9.RELEASE.jar;C:\Users\Administrator\.m2\repository\org\springframework\boot\spring-boot-starter-jdbc\1.5.9.RELEASE\spring-boot-starter-jdbc-1.5.9.RELEASE.jar;C:\Users\Administrator\.m2\repository\org\apache\tomcat\tomcat-jdbc\8.5.23\tomcat-jdbc-8.5.23.jar;C:\Users\Administrator\.m2\repository\org\apache\tomcat\tomcat-juli\8.5.23\tomcat-juli-8.5.23.jar;C:\Users\Administrator\.m2\repository\org\springframework\spring-jdbc\4.3.13.RELEASE\spring-jdbc-4.3.13.RELEASE.jar;C:\Users\Administrator\.m2\repository\com\baomidou\mybatisplus-spring-boot-starter\1.0.5\mybatisplus-spring-boot-starter-1.0.5.jar;C:\Users\Administrator\.m2\repository\org\springframework\boot\spring-boot-autoconfigure\1.5.9.RELEASE\spring-boot-autoconfigure-1.5.9.RELEASE.jar;C:\Users\Administrator\.m2\repository\org\springframework\boot\spring-boot-configuration-processor\1.5.9.RELEASE\spring-boot-configuration-processor-1.5.9.RELEASE.jar;C:\Users\Administrator\.m2\repository\com\vaadin\external\google\android-json\0.0.20131108.vaadin1\android-json-0.0.20131108.vaadin1.jar;C:\Users\Administrator\.m2\repository\com\baomidou\mybatis-plus\2.1.6\mybatis-plus-2.1.6.jar;C:\Users\Administrator\.m2\repository\com\baomidou\mybatis-plus-support\2.1.6\mybatis-plus-support-2.1.6.jar;C:\Users\Administrator\.m2\repository\com\baomidou\mybatis-plus-core\2.1.6\mybatis-plus-core-2.1.6.jar;C:\Users\Administrator\.m2\repository\com\github\jsqlparser\jsqlparser\1.1\jsqlparser-1.1.jar;C:\Users\Administrator\.m2\repository\org\mybatis\mybatis-spring\1.3.1\mybatis-spring-1.3.1.jar;C:\Users\Administrator\.m2\repository\org\mybatis\mybatis\3.4.5\mybatis-3.4.5.jar;C:\Users\Administrator\.m2\repository\com\baomidou\mybatis-plus-generate\2.1.6\mybatis-plus-generate-2.1.6.jar;C:\Users\Administrator\.m2\repository\com\alibaba\druid\1.1.3\druid-1.1.3.jar;C:\myprogram\Java\jdk-8-351\jre\..\lib\jconsole.jar;C:\myprogram\Java\jdk-8-351\jre\..\lib\tools.jar;C:\Users\Administrator\.m2\repository\mysql\mysql-connector-java\5.1.44\mysql-connector-java-5.1.44.jar;C:\Users\Administrator\.m2\repository\org\springframework\boot\spring-boot-starter-mail\1.5.9.RELEASE\spring-boot-starter-mail-1.5.9.RELEASE.jar;C:\Users\Administrator\.m2\repository\org\apache\velocity\velocity\1.7\velocity-1.7.jar;C:\Users\Administrator\.m2\repository\commons-collections\commons-collections\3.2.2\commons-collections-3.2.2.jar;C:\Users\Administrator\.m2\repository\commons-lang\commons-lang\2.4\commons-lang-2.4.jar;C:\Users\Administrator\.m2\repository\org\springframework\boot\spring-boot-devtools\1.5.9.RELEASE\spring-boot-devtools-1.5.9.RELEASE.jar;C:\Users\Administrator\.m2\repository\org\springframework\boot\spring-boot\1.5.9.RELEASE\spring-boot-1.5.9.RELEASE.jar;C:\Users\Administrator\.m2\repository\org\springframework\boot\spring-boot-starter-test\1.5.9.RELEASE\spring-boot-starter-test-1.5.9.RELEASE.jar;C:\Users\Administrator\.m2\repository\org\springframework\boot\spring-boot-test\1.5.9.RELEASE\spring-boot-test-1.5.9.RELEASE.jar;C:\Users\Administrator\.m2\repository\org\springframework\boot\spring-boot-test-autoconfigure\1.5.9.RELEASE\spring-boot-test-autoconfigure-1.5.9.RELEASE.jar;C:\Users\Administrator\.m2\repository\com\jayway\jsonpath\json-path\2.2.0\json-path-2.2.0.jar;C:\Users\Administrator\.m2\repository\net\minidev\json-smart\2.2.1\json-smart-2.2.1.jar;C:\Users\Administrator\.m2\repository\net\minidev\accessors-smart\1.1\accessors-smart-1.1.jar;C:\Users\Administrator\.m2\repository\org\ow2\asm\asm\5.0.3\asm-5.0.3.jar;C:\Users\Administrator\.m2\repository\junit\junit\4.12\junit-4.12.jar;C:\Users\Administrator\.m2\repository\org\assertj\assertj-core\2.6.0\assertj-core-2.6.0.jar;C:\Users\Administrator\.m2\repository\org\mockito\mockito-core\1.10.19\mockito-core-1.10.19.jar;C:\Users\Administrator\.m2\repository\org\hamcrest\hamcrest-core\1.3\hamcrest-core-1.3.jar;C:\Users\Administrator\.m2\repository\org\hamcrest\hamcrest-library\1.3\hamcrest-library-1.3.jar;C:\Users\Administrator\.m2\repository\org\skyscreamer\jsonassert\1.4.0\jsonassert-1.4.0.jar;C:\Users\Administrator\.m2\repository\org\springframework\spring-test\4.3.13.RELEASE\spring-test-4.3.13.RELEASE.jar;C:\Users\Administrator\.m2\repository\io\springfox\springfox-swagger2\2.7.0\springfox-swagger2-2.7.0.jar;C:\Users\Administrator\.m2\repository\io\swagger\swagger-annotations\1.5.13\swagger-annotations-1.5.13.jar;C:\Users\Administrator\.m2\repository\io\swagger\swagger-models\1.5.13\swagger-models-1.5.13.jar;C:\Users\Administrator\.m2\repository\io\springfox\springfox-spi\2.7.0\springfox-spi-2.7.0.jar;C:\Users\Administrator\.m2\repository\io\springfox\springfox-core\2.7.0\springfox-core-2.7.0.jar;C:\Users\Administrator\.m2\repository\net\bytebuddy\byte-buddy\1.6.14\byte-buddy-1.6.14.jar;C:\Users\Administrator\.m2\repository\io\springfox\springfox-schema\2.7.0\springfox-schema-2.7.0.jar;C:\Users\Administrator\.m2\repository\io\springfox\springfox-swagger-common\2.7.0\springfox-swagger-common-2.7.0.jar;C:\Users\Administrator\.m2\repository\io\springfox\springfox-spring-web\2.7.0\springfox-spring-web-2.7.0.jar;C:\Users\Administrator\.m2\repository\org\reflections\reflections\0.9.11\reflections-0.9.11.jar;C:\Users\Administrator\.m2\repository\org\javassist\javassist\3.21.0-GA\javassist-3.21.0-GA.jar;C:\Users\Administrator\.m2\repository\com\google\guava\guava\18.0\guava-18.0.jar;C:\Users\Administrator\.m2\repository\com\fasterxml\classmate\1.3.4\classmate-1.3.4.jar;C:\Users\Administrator\.m2\repository\org\springframework\plugin\spring-plugin-core\1.2.0.RELEASE\spring-plugin-core-1.2.0.RELEASE.jar;C:\Users\Administrator\.m2\repository\org\springframework\plugin\spring-plugin-metadata\1.2.0.RELEASE\spring-plugin-metadata-1.2.0.RELEASE.jar;C:\Users\Administrator\.m2\repository\org\mapstruct\mapstruct\1.1.0.Final\mapstruct-1.1.0.Final.jar;C:\Users\Administrator\.m2\repository\io\springfox\springfox-swagger-ui\2.7.0\springfox-swagger-ui-2.7.0.jar;C:\Users\Administrator\.m2\repository\org\apache\commons\commons-lang3\3.4\commons-lang3-3.4.jar;C:\Users\Administrator\.m2\repository\org\springframework\boot\spring-boot-starter\1.5.9.RELEASE\spring-boot-starter-1.5.9.RELEASE.jar;C:\Users\Administrator\.m2\repository\org\springframework\boot\spring-boot-starter-logging\1.5.9.RELEASE\spring-boot-starter-logging-1.5.9.RELEASE.jar;C:\Users\Administrator\.m2\repository\ch\qos\logback\logback-classic\1.1.11\logback-classic-1.1.11.jar;C:\Users\Administrator\.m2\repository\ch\qos\logback\logback-core\1.1.11\logback-core-1.1.11.jar;C:\Users\Administrator\.m2\repository\org\slf4j\jul-to-slf4j\1.7.25\jul-to-slf4j-1.7.25.jar;C:\Users\Administrator\.m2\repository\org\slf4j\log4j-over-slf4j\1.7.25\log4j-over-slf4j-1.7.25.jar;C:\Users\Administrator\.m2\repository\org\yaml\snakeyaml\1.17\snakeyaml-1.17.jar;C:\Users\Administrator\.m2\repository\com\github\crab2died\Excel4J\2.1.2\Excel4J-2.1.2.jar;C:\Users\Administrator\.m2\repository\org\apache\poi\poi\3.17\poi-3.17.jar;C:\Users\Administrator\.m2\repository\org\apache\commons\commons-collections4\4.1\commons-collections4-4.1.jar;C:\Users\Administrator\.m2\repository\org\apache\poi\poi-ooxml\3.17\poi-ooxml-3.17.jar;C:\Users\Administrator\.m2\repository\org\apache\poi\poi-ooxml-schemas\3.17\poi-ooxml-schemas-3.17.jar;C:\Users\Administrator\.m2\repository\org\apache\xmlbeans\xmlbeans\2.6.0\xmlbeans-2.6.0.jar;C:\Users\Administrator\.m2\repository\stax\stax-api\1.0.1\stax-api-1.0.1.jar;C:\Users\Administrator\.m2\repository\com\github\virtuald\curvesapi\1.04\curvesapi-1.04.jar;C:\Users\Administrator\.m2\repository\cz\mallat\uasparser\uasparser\0.6.2\uasparser-0.6.2.jar;C:\Users\Administrator\.m2\repository\net\sourceforge\jregex\jregex\1.2_01\jregex-1.2_01.jar;C:\Users\Administrator\.m2\repository\org\apache\commons\commons-compress\1.15\commons-compress-1.15.jar;C:\Users\Administrator\.m2\repository\org\objenesis\objenesis\2.6\objenesis-2.6.jar;C:\Users\Administrator\.m2\repository\org\springframework\boot\spring-boot-starter-websocket\1.5.9.RELEASE\spring-boot-starter-websocket-1.5.9.RELEASE.jar;C:\Users\Administrator\.m2\repository\org\springframework\spring-messaging\4.3.13.RELEASE\spring-messaging-4.3.13.RELEASE.jar;C:\Users\Administrator\.m2\repository\org\springframework\spring-websocket\4.3.13.RELEASE\spring-websocket-4.3.13.RELEASE.jar;C:\Users\Administrator\.m2\repository\org\springframework\statemachine\spring-statemachine-core\1.2.14.RELEASE\spring-statemachine-core-1.2.14.RELEASE.jar;, java.specification.name=Java Platform API Specification, java.class.version=52.0, sun.management.compiler=HotSpot 64-Bit Tiered Compilers, os.version=10.0, user.home=C:\Users\Administrator, user.timezone=Asia/Shanghai, java.awt.printerjob=sun.awt.windows.WPrinterJob, file.encoding=GBK, java.specification.version=1.8, java.class.path=D:\work\code\java\pinetree\monolithicDemo\target\test-classes;D:\work\code\java\pinetree\monolithicDemo\target\classes;C:\Users\Administrator\.m2\repository\org\springframework\boot\spring-boot-starter-web\1.5.9.RELEASE\spring-boot-starter-web-1.5.9.RELEASE.jar;C:\Users\Administrator\.m2\repository\org\springframework\boot\spring-boot-starter-tomcat\1.5.9.RELEASE\spring-boot-starter-tomcat-1.5.9.RELEASE.jar;C:\Users\Administrator\.m2\repository\org\apache\tomcat\embed\tomcat-embed-core\8.5.23\tomcat-embed-core-8.5.23.jar;C:\Users\Administrator\.m2\repository\org\apache\tomcat\tomcat-annotations-api\8.5.23\tomcat-annotations-api-8.5.23.jar;C:\Users\Administrator\.m2\repository\org\apache\tomcat\embed\tomcat-embed-el\8.5.23\tomcat-embed-el-8.5.23.jar;C:\Users\Administrator\.m2\repository\org\apache\tomcat\embed\tomcat-embed-websocket\8.5.23\tomcat-embed-websocket-8.5.23.jar;C:\Users\Administrator\.m2\repository\org\hibernate\hibernate-validator\5.3.6.Final\hibernate-validator-5.3.6.Final.jar;C:\Users\Administrator\.m2\repository\javax\validation\validation-api\1.1.0.Final\validation-api-1.1.0.Final.jar;C:\Users\Administrator\.m2\repository\org\jboss\logging\jboss-logging\3.3.1.Final\jboss-logging-3.3.1.Final.jar;C:\Users\Administrator\.m2\repository\com\fasterxml\jackson\core\jackson-databind\2.8.10\jackson-databind-2.8.10.jar;C:\Users\Administrator\.m2\repository\com\fasterxml\jackson\core\jackson-annotations\2.8.0\jackson-annotations-2.8.0.jar;C:\Users\Administrator\.m2\repository\com\fasterxml\jackson\core\jackson-core\2.8.10\jackson-core-2.8.10.jar;C:\Users\Administrator\.m2\repository\org\springframework\spring-web\4.3.13.RELEASE\spring-web-4.3.13.RELEASE.jar;C:\Users\Administrator\.m2\repository\org\springframework\spring-aop\4.3.13.RELEASE\spring-aop-4.3.13.RELEASE.jar;C:\Users\Administrator\.m2\repository\org\springframework\spring-beans\4.3.13.RELEASE\spring-beans-4.3.13.RELEASE.jar;C:\Users\Administrator\.m2\repository\org\springframework\spring-webmvc\4.3.13.RELEASE\spring-webmvc-4.3.13.RELEASE.jar;C:\Users\Administrator\.m2\repository\org\springframework\spring-expression\4.3.13.RELEASE\spring-expression-4.3.13.RELEASE.jar;C:\Users\Administrator\.m2\repository\org\springframework\boot\spring-boot-starter-freemarker\1.5.9.RELEASE\spring-boot-starter-freemarker-1.5.9.RELEASE.jar;C:\Users\Administrator\.m2\repository\org\freemarker\freemarker\2.3.27-incubating\freemarker-2.3.27-incubating.jar;C:\Users\Administrator\.m2\repository\org\springframework\spring-context-support\4.3.13.RELEASE\spring-context-support-4.3.13.RELEASE.jar;C:\Users\Administrator\.m2\repository\net\mingsoft\shiro-freemarker-tags\0.1\shiro-freemarker-tags-0.1.jar;C:\Users\Administrator\.m2\repository\commons-codec\commons-codec\1.10\commons-codec-1.10.jar;C:\Users\Administrator\.m2\repository\com\google\zxing\javase\3.1.0\javase-3.1.0.jar;C:\Users\Administrator\.m2\repository\com\google\zxing\core\3.1.0\core-3.1.0.jar;C:\Users\Administrator\.m2\repository\org\quartz-scheduler\quartz\2.2.1\quartz-2.2.1.jar;C:\Users\Administrator\.m2\repository\c3p0\c3p0\0.9.1.1\c3p0-0.9.1.1.jar;C:\Users\Administrator\.m2\repository\org\springframework\integration\spring-integration-mail\4.3.12.RELEASE\spring-integration-mail-4.3.12.RELEASE.jar;C:\Users\Administrator\.m2\repository\org\springframework\integration\spring-integration-core\4.3.12.RELEASE\spring-integration-core-4.3.12.RELEASE.jar;C:\Users\Administrator\.m2\repository\org\springframework\retry\spring-retry\1.2.1.RELEASE\spring-retry-1.2.1.RELEASE.jar;C:\Users\Administrator\.m2\repository\net\sourceforge\jexcelapi\jxl\2.6.12\jxl-2.6.12.jar;C:\Users\Administrator\.m2\repository\com\alibaba\fastjson\1.2.6\fastjson-1.2.6.jar;C:\Users\Administrator\.m2\repository\com\sun\mail\javax.mail\1.5.6\javax.mail-1.5.6.jar;C:\Users\Administrator\.m2\repository\javax\activation\activation\1.1\activation-1.1.jar;C:\Users\Administrator\.m2\repository\com\mortennobel\java-image-scaling\0.8.6\java-image-scaling-0.8.6.jar;C:\Users\Administrator\.m2\repository\com\jhlabs\filters\2.0.235\filters-2.0.235.jar;C:\Users\Administrator\.m2\repository\org\springframework\spring-core\4.3.13.RELEASE\spring-core-4.3.13.RELEASE.jar;C:\Users\Administrator\.m2\repository\javax\servlet\javax.servlet-api\3.1.0\javax.servlet-api-3.1.0.jar;C:\Users\Administrator\.m2\repository\org\springframework\spring-context\4.3.13.RELEASE\spring-context-4.3.13.RELEASE.jar;C:\Users\Administrator\.m2\repository\org\springframework\spring-tx\4.3.13.RELEASE\spring-tx-4.3.13.RELEASE.jar;C:\Users\Administrator\.m2\repository\org\apache\shiro\shiro-all\1.2.4\shiro-all-1.2.4.jar;C:\Users\Administrator\.m2\repository\org\apache\shiro\shiro-guice\1.2.4\shiro-guice-1.2.4.jar;C:\Users\Administrator\.m2\repository\com\google\inject\guice\3.0\guice-3.0.jar;C:\Users\Administrator\.m2\repository\javax\inject\javax.inject\1\javax.inject-1.jar;C:\Users\Administrator\.m2\repository\aopalliance\aopalliance\1.0\aopalliance-1.0.jar;C:\Users\Administrator\.m2\repository\com\google\inject\extensions\guice-multibindings\3.0\guice-multibindings-3.0.jar;C:\Users\Administrator\.m2\repository\org\apache\shiro\shiro-core\1.4.0\shiro-core-1.4.0.jar;C:\Users\Administrator\.m2\repository\org\apache\shiro\shiro-lang\1.4.0\shiro-lang-1.4.0.jar;C:\Users\Administrator\.m2\repository\org\apache\shiro\shiro-cache\1.4.0\shiro-cache-1.4.0.jar;C:\Users\Administrator\.m2\repository\org\apache\shiro\shiro-crypto-hash\1.4.0\shiro-crypto-hash-1.4.0.jar;C:\Users\Administrator\.m2\repository\org\apache\shiro\shiro-crypto-core\1.4.0\shiro-crypto-core-1.4.0.jar;C:\Users\Administrator\.m2\repository\org\apache\shiro\shiro-crypto-cipher\1.4.0\shiro-crypto-cipher-1.4.0.jar;C:\Users\Administrator\.m2\repository\org\apache\shiro\shiro-config-core\1.4.0\shiro-config-core-1.4.0.jar;C:\Users\Administrator\.m2\repository\org\apache\shiro\shiro-config-ogdl\1.4.0\shiro-config-ogdl-1.4.0.jar;C:\Users\Administrator\.m2\repository\commons-beanutils\commons-beanutils\1.9.3\commons-beanutils-1.9.3.jar;C:\Users\Administrator\.m2\repository\org\apache\shiro\shiro-event\1.4.0\shiro-event-1.4.0.jar;C:\Users\Administrator\.m2\repository\org\apache\shiro\shiro-spring\1.4.0\shiro-spring-1.4.0.jar;C:\Users\Administrator\.m2\repository\org\apache\shiro\shiro-web\1.4.0\shiro-web-1.4.0.jar;C:\Users\Administrator\.m2\repository\org\apache\shiro\shiro-ehcache\1.4.0\shiro-ehcache-1.4.0.jar;C:\Users\Administrator\.m2\repository\net\sf\ehcache\ehcache-core\2.6.11\ehcache-core-2.6.11.jar;C:\Users\Administrator\.m2\repository\org\crazycake\shiro-redis\2.4.2.1-RELEASE\shiro-redis-2.4.2.1-RELEASE.jar;C:\Users\Administrator\.m2\repository\redis\clients\jedis\2.9.0\jedis-2.9.0.jar;C:\Users\Administrator\.m2\repository\org\apache\commons\commons-pool2\2.4.3\commons-pool2-2.4.3.jar;C:\Users\Administrator\.m2\repository\org\slf4j\slf4j-api\1.7.25\slf4j-api-1.7.25.jar;C:\Users\Administrator\.m2\repository\org\springframework\boot\spring-boot-starter-data-redis\1.5.9.RELEASE\spring-boot-starter-data-redis-1.5.9.RELEASE.jar;C:\Users\Administrator\.m2\repository\org\springframework\data\spring-data-redis\1.8.9.RELEASE\spring-data-redis-1.8.9.RELEASE.jar;C:\Users\Administrator\.m2\repository\org\springframework\data\spring-data-keyvalue\1.2.9.RELEASE\spring-data-keyvalue-1.2.9.RELEASE.jar;C:\Users\Administrator\.m2\repository\org\springframework\spring-oxm\4.3.13.RELEASE\spring-oxm-4.3.13.RELEASE.jar;C:\Users\Administrator\.m2\repository\org\slf4j\jcl-over-slf4j\1.7.25\jcl-over-slf4j-1.7.25.jar;C:\Users\Administrator\.m2\repository\org\springframework\boot\spring-boot-starter-data-mongodb\1.5.9.RELEASE\spring-boot-starter-data-mongodb-1.5.9.RELEASE.jar;C:\Users\Adm
[...]
eanutils\commons-beanutils\1.9.3\commons-beanutils-1.9.3.jar;C:\Users\Administrator\.m2\repository\org\apache\shiro\shiro-event\1.4.0\shiro-event-1.4.0.jar;C:\Users\Administrator\.m2\repository\org\apache\shiro\shiro-spring\1.4.0\shiro-spring-1.4.0.jar;C:\Users\Administrator\.m2\repository\org\apache\shiro\shiro-web\1.4.0\shiro-web-1.4.0.jar;C:\Users\Administrator\.m2\repository\org\apache\shiro\shiro-ehcache\1.4.0\shiro-ehcache-1.4.0.jar;C:\Users\Administrator\.m2\repository\net\sf\ehcache\ehcache-core\2.6.11\ehcache-core-2.6.11.jar;C:\Users\Administrator\.m2\repository\org\crazycake\shiro-redis\2.4.2.1-RELEASE\shiro-redis-2.4.2.1-RELEASE.jar;C:\Users\Administrator\.m2\repository\redis\clients\jedis\2.9.0\jedis-2.9.0.jar;C:\Users\Administrator\.m2\repository\org\apache\commons\commons-pool2\2.4.3\commons-pool2-2.4.3.jar;C:\Users\Administrator\.m2\repository\org\slf4j\slf4j-api\1.7.25\slf4j-api-1.7.25.jar;C:\Users\Administrator\.m2\repository\org\springframework\boot\spring-boot-starter-data-redis\1.5.9.RELEASE\spring-boot-starter-data-redis-1.5.9.RELEASE.jar;C:\Users\Administrator\.m2\repository\org\springframework\data\spring-data-redis\1.8.9.RELEASE\spring-data-redis-1.8.9.RELEASE.jar;C:\Users\Administrator\.m2\repository\org\springframework\data\spring-data-keyvalue\1.2.9.RELEASE\spring-data-keyvalue-1.2.9.RELEASE.jar;C:\Users\Administrator\.m2\repository\org\springframework\spring-oxm\4.3.13.RELEASE\spring-oxm-4.3.13.RELEASE.jar;C:\Users\Administrator\.m2\repository\org\slf4j\jcl-over-slf4j\1.7.25\jcl-over-slf4j-1.7.25.jar;C:\Users\Administrator\.m2\repository\org\springframework\boot\spring-boot-starter-data-mongodb\1.5.9.RELEASE\spring-boot-starter-data-mongodb-1.5.9.RELEASE.jar;C:\Users\Administrator\.m2\repository\org\mongodb\mongodb-driver\3.4.3\mongodb-driver-3.4.3.jar;C:\Users\Administrator\.m2\repository\org\mongodb\mongodb-driver-core\3.4.3\mongodb-driver-core-3.4.3.jar;C:\Users\Administrator\.m2\repository\org\mongodb\bson\3.4.3\bson-3.4.3.jar;C:\Users\Administrator\.m2\repository\org\springframework\data\spring-data-mongodb\1.10.9.RELEASE\spring-data-mongodb-1.10.9.RELEASE.jar;C:\Users\Administrator\.m2\repository\org\springframework\data\spring-data-commons\1.13.9.RELEASE\spring-data-commons-1.13.9.RELEASE.jar;C:\Users\Administrator\.m2\repository\org\springframework\boot\spring-boot-starter-jdbc\1.5.9.RELEASE\spring-boot-starter-jdbc-1.5.9.RELEASE.jar;C:\Users\Administrator\.m2\repository\org\apache\tomcat\tomcat-jdbc\8.5.23\tomcat-jdbc-8.5.23.jar;C:\Users\Administrator\.m2\repository\org\apache\tomcat\tomcat-juli\8.5.23\tomcat-juli-8.5.23.jar;C:\Users\Administrator\.m2\repository\org\springframework\spring-jdbc\4.3.13.RELEASE\spring-jdbc-4.3.13.RELEASE.jar;C:\Users\Administrator\.m2\repository\com\baomidou\mybatisplus-spring-boot-starter\1.0.5\mybatisplus-spring-boot-starter-1.0.5.jar;C:\Users\Administrator\.m2\repository\org\springframework\boot\spring-boot-autoconfigure\1.5.9.RELEASE\spring-boot-autoconfigure-1.5.9.RELEASE.jar;C:\Users\Administrator\.m2\repository\org\springframework\boot\spring-boot-configuration-processor\1.5.9.RELEASE\spring-boot-configuration-processor-1.5.9.RELEASE.jar;C:\Users\Administrator\.m2\repository\com\vaadin\external\google\android-json\0.0.20131108.vaadin1\android-json-0.0.20131108.vaadin1.jar;C:\Users\Administrator\.m2\repository\com\baomidou\mybatis-plus\2.1.6\mybatis-plus-2.1.6.jar;C:\Users\Administrator\.m2\repository\com\baomidou\mybatis-plus-support\2.1.6\mybatis-plus-support-2.1.6.jar;C:\Users\Administrator\.m2\repository\com\baomidou\mybatis-plus-core\2.1.6\mybatis-plus-core-2.1.6.jar;C:\Users\Administrator\.m2\repository\com\github\jsqlparser\jsqlparser\1.1\jsqlparser-1.1.jar;C:\Users\Administrator\.m2\repository\org\mybatis\mybatis-spring\1.3.1\mybatis-spring-1.3.1.jar;C:\Users\Administrator\.m2\repository\org\mybatis\mybatis\3.4.5\mybatis-3.4.5.jar;C:\Users\Administrator\.m2\repository\com\baomidou\mybatis-plus-generate\2.1.6\mybatis-plus-generate-2.1.6.jar;C:\Users\Administrator\.m2\repository\com\alibaba\druid\1.1.3\druid-1.1.3.jar;C:\myprogram\Java\jdk-8-351\jre\..\lib\jconsole.jar;C:\myprogram\Java\jdk-8-351\jre\..\lib\tools.jar;C:\Users\Administrator\.m2\repository\mysql\mysql-connector-java\5.1.44\mysql-connector-java-5.1.44.jar;C:\Users\Administrator\.m2\repository\org\springframework\boot\spring-boot-starter-mail\1.5.9.RELEASE\spring-boot-starter-mail-1.5.9.RELEASE.jar;C:\Users\Administrator\.m2\repository\org\apache\velocity\velocity\1.7\velocity-1.7.jar;C:\Users\Administrator\.m2\repository\commons-collections\commons-collections\3.2.2\commons-collections-3.2.2.jar;C:\Users\Administrator\.m2\repository\commons-lang\commons-lang\2.4\commons-lang-2.4.jar;C:\Users\Administrator\.m2\repository\org\springframework\boot\spring-boot-devtools\1.5.9.RELEASE\spring-boot-devtools-1.5.9.RELEASE.jar;C:\Users\Administrator\.m2\repository\org\springframework\boot\spring-boot\1.5.9.RELEASE\spring-boot-1.5.9.RELEASE.jar;C:\Users\Administrator\.m2\repository\org\springframework\boot\spring-boot-starter-test\1.5.9.RELEASE\spring-boot-starter-test-1.5.9.RELEASE.jar;C:\Users\Administrator\.m2\repository\org\springframework\boot\spring-boot-test\1.5.9.RELEASE\spring-boot-test-1.5.9.RELEASE.jar;C:\Users\Administrator\.m2\repository\org\springframework\boot\spring-boot-test-autoconfigure\1.5.9.RELEASE\spring-boot-test-autoconfigure-1.5.9.RELEASE.jar;C:\Users\Administrator\.m2\repository\com\jayway\jsonpath\json-path\2.2.0\json-path-2.2.0.jar;C:\Users\Administrator\.m2\repository\net\minidev\json-smart\2.2.1\json-smart-2.2.1.jar;C:\Users\Administrator\.m2\repository\net\minidev\accessors-smart\1.1\accessors-smart-1.1.jar;C:\Users\Administrator\.m2\repository\org\ow2\asm\asm\5.0.3\asm-5.0.3.jar;C:\Users\Administrator\.m2\repository\junit\junit\4.12\junit-4.12.jar;C:\Users\Administrator\.m2\repository\org\assertj\assertj-core\2.6.0\assertj-core-2.6.0.jar;C:\Users\Administrator\.m2\repository\org\mockito\mockito-core\1.10.19\mockito-core-1.10.19.jar;C:\Users\Administrator\.m2\repository\org\hamcrest\hamcrest-core\1.3\hamcrest-core-1.3.jar;C:\Users\Administrator\.m2\repository\org\hamcrest\hamcrest-library\1.3\hamcrest-library-1.3.jar;C:\Users\Administrator\.m2\repository\org\skyscreamer\jsonassert\1.4.0\jsonassert-1.4.0.jar;C:\Users\Administrator\.m2\repository\org\springframework\spring-test\4.3.13.RELEASE\spring-test-4.3.13.RELEASE.jar;C:\Users\Administrator\.m2\repository\io\springfox\springfox-swagger2\2.7.0\springfox-swagger2-2.7.0.jar;C:\Users\Administrator\.m2\repository\io\swagger\swagger-annotations\1.5.13\swagger-annotations-1.5.13.jar;C:\Users\Administrator\.m2\repository\io\swagger\swagger-models\1.5.13\swagger-models-1.5.13.jar;C:\Users\Administrator\.m2\repository\io\springfox\springfox-spi\2.7.0\springfox-spi-2.7.0.jar;C:\Users\Administrator\.m2\repository\io\springfox\springfox-core\2.7.0\springfox-core-2.7.0.jar;C:\Users\Administrator\.m2\repository\net\bytebuddy\byte-buddy\1.6.14\byte-buddy-1.6.14.jar;C:\Users\Administrator\.m2\repository\io\springfox\springfox-schema\2.7.0\springfox-schema-2.7.0.jar;C:\Users\Administrator\.m2\repository\io\springfox\springfox-swagger-common\2.7.0\springfox-swagger-common-2.7.0.jar;C:\Users\Administrator\.m2\repository\io\springfox\springfox-spring-web\2.7.0\springfox-spring-web-2.7.0.jar;C:\Users\Administrator\.m2\repository\org\reflections\reflections\0.9.11\reflections-0.9.11.jar;C:\Users\Administrator\.m2\repository\org\javassist\javassist\3.21.0-GA\javassist-3.21.0-GA.jar;C:\Users\Administrator\.m2\repository\com\google\guava\guava\18.0\guava-18.0.jar;C:\Users\Administrator\.m2\repository\com\fasterxml\classmate\1.3.4\classmate-1.3.4.jar;C:\Users\Administrator\.m2\repository\org\springframework\plugin\spring-plugin-core\1.2.0.RELEASE\spring-plugin-core-1.2.0.RELEASE.jar;C:\Users\Administrator\.m2\repository\org\springframework\plugin\spring-plugin-metadata\1.2.0.RELEASE\spring-plugin-metadata-1.2.0.RELEASE.jar;C:\Users\Administrator\.m2\repository\org\mapstruct\mapstruct\1.1.0.Final\mapstruct-1.1.0.Final.jar;C:\Users\Administrator\.m2\repository\io\springfox\springfox-swagger-ui\2.7.0\springfox-swagger-ui-2.7.0.jar;C:\Users\Administrator\.m2\repository\org\apache\commons\commons-lang3\3.4\commons-lang3-3.4.jar;C:\Users\Administrator\.m2\repository\org\springframework\boot\spring-boot-starter\1.5.9.RELEASE\spring-boot-starter-1.5.9.RELEASE.jar;C:\Users\Administrator\.m2\repository\org\springframework\boot\spring-boot-starter-logging\1.5.9.RELEASE\spring-boot-starter-logging-1.5.9.RELEASE.jar;C:\Users\Administrator\.m2\repository\ch\qos\logback\logback-classic\1.1.11\logback-classic-1.1.11.jar;C:\Users\Administrator\.m2\repository\ch\qos\logback\logback-core\1.1.11\logback-core-1.1.11.jar;C:\Users\Administrator\.m2\repository\org\slf4j\jul-to-slf4j\1.7.25\jul-to-slf4j-1.7.25.jar;C:\Users\Administrator\.m2\repository\org\slf4j\log4j-over-slf4j\1.7.25\log4j-over-slf4j-1.7.25.jar;C:\Users\Administrator\.m2\repository\org\yaml\snakeyaml\1.17\snakeyaml-1.17.jar;C:\Users\Administrator\.m2\repository\com\github\crab2died\Excel4J\2.1.2\Excel4J-2.1.2.jar;C:\Users\Administrator\.m2\repository\org\apache\poi\poi\3.17\poi-3.17.jar;C:\Users\Administrator\.m2\repository\org\apache\commons\commons-collections4\4.1\commons-collections4-4.1.jar;C:\Users\Administrator\.m2\repository\org\apache\poi\poi-ooxml\3.17\poi-ooxml-3.17.jar;C:\Users\Administrator\.m2\repository\org\apache\poi\poi-ooxml-schemas\3.17\poi-ooxml-schemas-3.17.jar;C:\Users\Administrator\.m2\repository\org\apache\xmlbeans\xmlbeans\2.6.0\xmlbeans-2.6.0.jar;C:\Users\Administrator\.m2\repository\stax\stax-api\1.0.1\stax-api-1.0.1.jar;C:\Users\Administrator\.m2\repository\com\github\virtuald\curvesapi\1.04\curvesapi-1.04.jar;C:\Users\Administrator\.m2\repository\cz\mallat\uasparser\uasparser\0.6.2\uasparser-0.6.2.jar;C:\Users\Administrator\.m2\repository\net\sourceforge\jregex\jregex\1.2_01\jregex-1.2_01.jar;C:\Users\Administrator\.m2\repository\org\apache\commons\commons-compress\1.15\commons-compress-1.15.jar;C:\Users\Administrator\.m2\repository\org\objenesis\objenesis\2.6\objenesis-2.6.jar;C:\Users\Administrator\.m2\repository\org\springframework\boot\spring-boot-starter-websocket\1.5.9.RELEASE\spring-boot-starter-websocket-1.5.9.RELEASE.jar;C:\Users\Administrator\.m2\repository\org\springframework\spring-messaging\4.3.13.RELEASE\spring-messaging-4.3.13.RELEASE.jar;C:\Users\Administrator\.m2\repository\org\springframework\spring-websocket\4.3.13.RELEASE\spring-websocket-4.3.13.RELEASE.jar;C:\Users\Administrator\.m2\repository\org\springframework\statemachine\spring-statemachine-core\1.2.14.RELEASE\spring-statemachine-core-1.2.14.RELEASE.jar;, user.name=Administrator, java.vm.specification.version=1.8, sun.java.command=D:\work\code\java\pinetree\monolithicDemo\target\surefire\surefirebooter4176679971840932503.jar D:\work\code\java\pinetree\monolithicDemo\target\surefire\surefire7226677650012281112tmp D:\work\code\java\pinetree\monolithicDemo\target\surefire\surefire_02468508127196609334tmp, java.home=C:\myprogram\Java\jdk-8-351\jre, sun.arch.data.model=64, user.language=zh, java.specification.vendor=Oracle Corporation, awt.toolkit=sun.awt.windows.WToolkit, java.vm.info=mixed mode, java.version=1.8.0_351, java.ext.dirs=C:\myprogram\Java\jdk-8-351\jre\lib\ext;C:\Windows\Sun\Java\lib\ext, sun.boot.class.path=C:\myprogram\Java\jdk-8-351\jre\lib\resources.jar;C:\myprogram\Java\jdk-8-351\jre\lib\rt.jar;C:\myprogram\Java\jdk-8-351\jre\lib\jsse.jar;C:\myprogram\Java\jdk-8-351\jre\lib\jce.jar;C:\myprogram\Java\jdk-8-351\jre\lib\charsets.jar;C:\myprogram\Java\jdk-8-351\jre\lib\jfr.jar;C:\myprogram\Java\jdk-8-351\jre\classes, java.vendor=Oracle Corporation, java.specification.maintenance.version=4, localRepository=C:\Users\Administrator\.m2\repository, file.separator=\, java.vendor.url.bug=http://bugreport.sun.com/bugreport/, sun.io.unicode.encoding=UnicodeLittle, sun.cpu.endian=little, sun.desktop=windows, sun.cpu.isalist=amd64}}, SystemEnvironmentPropertySource@936653983 {name='systemEnvironment', properties={PATH=C:\Python311\Scripts\;C:\Python311\;C:\Windows\system32;C:\Windows;C:\Windows\System32\Wbem;C:\Windows\System32\WindowsPowerShell\v1.0\;C:\Windows\System32\OpenSSH\;C:\myprogram\Java\jdk-8-351\bin;C:\myprogram\go\\bin;C:\Program Files\TortoiseSVN\bin;C:\myprogram\apache-maven-3.8.4\bin;C:\myprogram\mongodb-database-tools-windows-x86_64-100.5.1\bin;C:\Program Files (x86)\Git\cmd;C:\Program Files\Microsoft SQL Server\130\Tools\Binn\;C:\Program Files (x86)\NetSarang\Xshell 7\;C:\myprogram\Redis-x64-5.0.14.1;C:\myprogram\nodejs\;C:\ProgramData\chocolatey\bin;C:\Users\Administrator\.cargo\bin;C:\Users\Administrator\AppData\Local\Microsoft\WindowsApps;;C:\Users\Administrator\AppData\Local\Programs\Microsoft VS Code\bin;C:\Users\Administrator\AppData\Roaming\npm, USERDOMAIN_ROAMINGPROFILE=SD-20211207KKKV, PROCESSOR_LEVEL=6, SYSTEMDRIVE=C:, SESSIONNAME=Console, ALLUSERSPROFILE=C:\ProgramData, PROCESSOR_ARCHITECTURE=AMD64, DRIVERDATA=C:\Windows\System32\Drivers\DriverData, PROGRAMFILES=C:\Program Files, PSMODULEPATH=C:\Program Files\WindowsPowerShell\Modules;C:\Windows\system32\WindowsPowerShell\v1.0\Modules, PROGRAMDATA=C:\ProgramData, CHOCOLATEYLASTPATHUPDATE=133150480566956960, USERNAME=Administrator, LS_JAVA_HOME=D:\work\code\java\pinetree\midservers\logstash-7.17.3-windows-x86_64\logstash-7.17.3\jdk, PATHEXT=.COM;.EXE;.BAT;.CMD;.VBS;.VBE;.JS;.JSE;.WSF;.WSH;.MSC;.PY;.PYW, WINDIR=C:\Windows, HOMEPATH=\Users\Administrator, PROCESSOR_IDENTIFIER=Intel64 Family 6 Model 158 Stepping 10, GenuineIntel, PUBLIC=C:\Users\Public, =::=::\, ZES_ENABLE_SYSMAN=1, LOCALAPPDATA=C:\Users\Administrator\AppData\Local, COMMONPROGRAMFILES(X86)=C:\Program Files (x86)\Common Files, USERDOMAIN=SD-20211207KKKV, LOGONSERVER=\\SD-20211207KKKV, JAVA_HOME=C:\myprogram\Java\jdk-8-351, PROMPT=$P$G, PROGRAMFILES(X86)=C:\Program Files (x86), ERLANG_HOME=C:\myprogram\Erlang OTP, GO_HOME=C:\myprogram\go\, APPDATA=C:\Users\Administrator\AppData\Roaming, ES_JAVA_HOME=D:\work\code\java\pinetree\midservers\elasticsearch-7.17.3-windows-x86_64\elasticsearch-7.17.3\jdk, PROGRAMW6432=C:\Program Files, SYSTEMROOT=C:\Windows, CHOCOLATEYINSTALL=C:\ProgramData\chocolatey, VBOX_MSI_INSTALL_PATH=C:\Program Files\Oracle\VirtualBox\, OS=Windows_NT, COMMONPROGRAMW6432=C:\Program Files\Common Files, COMPUTERNAME=SD-20211207KKKV, COMMONPROGRAMFILES=C:\Program Files\Common Files, COMSPEC=C:\Windows\system32\cmd.exe, PROCESSOR_REVISION=9e0a, CLASSPATH=.;C:\myprogram\Java\jdk-8-351\lib\dt.jar;C:\myprogram\Java\jdk-8-351\lib\tools.jar, =D:=D:\work\code\java\pinetree\monolithicDemo, TEMP=C:\Users\ADMINI~1\AppData\Local\Temp, HOMEDRIVE=C:, USERPROFILE=C:\Users\Administrator, TMP=C:\Users\ADMINI~1\AppData\Local\Temp, NUMBER_OF_PROCESSORS=12, IDEA_INITIAL_DIRECTORY=C:\Windows\system32}}]
13:56:06.837 [main] DEBUG org.springframework.core.env.MutablePropertySources - Adding PropertySource 'inline' with highest search precedence
13:56:06.842 [main] DEBUG org.springframework.test.context.support.TestPropertySourceUtils - Adding inlined properties to environment: {spring.jmx.enabled=false, org.springframework.boot.test.context.SpringBootTestContextBootstrapper=true, server.port=-1}
13:56:06.843 [main] DEBUG org.springframework.core.env.StandardEnvironment - Adding PropertySource 'Inlined Test Properties' with highest search precedence

  .   ____          _            __ _ _
 /\\ / ___'_ __ _ _(_)_ __  __ _ \ \ \ \
( ( )\___ | '_ | '_| | '_ \/ _` | \ \ \ \
 \\/  ___)| |_)| | | | | || (_| |  ) ) ) )
  '  |____| .__|_| |_|_| |_\__, | / / / /
 =========|_|==============|___/=/_/_/_/
 :: Spring Boot ::        (v1.5.9.RELEASE)

13:56:07 [main] INFO  com.qq183311108.mail.MailTest - Starting MailTest on SD-20211207KKKV with PID 13976 (started by Administrator in D:\work\code\java\pinetree\monolithicDemo)
13:56:07 [main] DEBUG com.qq183311108.mail.MailTest - Running with Spring Boot v1.5.9.RELEASE, Spring v4.3.13.RELEASE
13:56:07 [main] INFO  com.qq183311108.mail.MailTest - The following profiles are active: dev
13:56:11 [main] INFO  c.q.c.s.ShiroRedisCacheConfiguration - ShiroConfiguration.shirFilter()
13:56:18 [main] INFO  c.q.state.DemoCommandLineRunner - >>>>>>>>>>>>>>>服务启动执行，执行加载数据等操作<<<<<<<<<<<<<
13:56:18 [main] INFO  c.q.s.StateMachineEventConfig$$EnhancerBySpringCGLIB$$c12db5ae - s0 ttttttttttttttttttttttttttt---message:null
13:56:18 [main] INFO  c.q.state.StateMachineConfig - stateChanged:no from id State change to STATES_0
bbbbbbbbbbbbbbbbbbbbbbbbbbbbbbbbbbbbbbbbbbbbbbbbbbbbbbbbbbbbbbbb
13:56:18 [main] INFO  c.q.state.DemoCommandLineRunner - >>>>>>>>>>>>>>>>>>>>start 当前状态：ObjectState [getIds()=[STATES_0], getClass()=class org.springframework.statemachine.state.ObjectState, hashCode()=309276344, toString()=AbstractState [id=STATES_0, pseudoState=org.springframework.statemachine.state.DefaultPseudoState@67823972, deferred=[], entryActions=[], exitActions=[], stateActions=[], regions=[], submachine=null]]
13:56:18 [main] INFO  c.q.s.StateMachineEventConfig$$EnhancerBySpringCGLIB$$c12db5ae - s1 ddddddddddddddddddddddddddd---header:{orderJsonStr={"orderId":1234,"orderStatus":"STATES_0","orderName":"testOrder"}, id=41857d1d-c0e8-6e11-b84b-9b39346bffa9, timestamp=1678427778914},---payload:E1
13:56:18 [main] INFO  c.q.state.StateMachineConfig - stateChanged:STATES_0 State change to STATES_1
13:56:18 [main] INFO  c.q.state.DemoCommandLineRunner - >>>>>>>>>>>>>>>>>>>>E1 当前状态：ObjectState [getIds()=[STATES_1], getClass()=class org.springframework.statemachine.state.ObjectState, hashCode()=2101604809, toString()=AbstractState [id=STATES_1, pseudoState=null, deferred=[], entryActions=[], exitActions=[], stateActions=[], regions=[], submachine=null]]
13:56:18 [main] INFO  c.q.s.StateMachineEventConfig$$EnhancerBySpringCGLIB$$c12db5ae - s2 cccccccccccccccccccccccccccc---header:{orderJsonStr={"orderId":1234,"orderStatus":"STATES_0","orderName":"testOrder"}, id=dcee7072-0ee7-c691-85f5-468504623261, timestamp=1678427778960},---payload:E2
13:56:18 [main] INFO  c.q.state.StateMachineConfig - stateChanged:STATES_1 State change to STATES_2
13:56:18 [main] INFO  c.q.state.DemoCommandLineRunner - >>>>>>>>>>>>>>>>>>>>E2 当前状态：ObjectState [getIds()=[STATES_2], getClass()=class org.springframework.statemachine.state.ObjectState, hashCode()=18758920, toString()=AbstractState [id=STATES_2, pseudoState=null, deferred=[], entryActions=[], exitActions=[], stateActions=[], regions=[], submachine=null]]
13:56:18 [main] INFO  c.q.s.StateMachineEventConfig$$EnhancerBySpringCGLIB$$c12db5ae - s3 hhhhhhhhhhhhhhhhhhhhhhhhhhhh---header:{id=e903580e-cdc3-1d83-8e47-51ad4d697013, timestamp=1678427778960},---payload:E3
13:56:18 [main] INFO  c.q.state.StateMachineConfig - stateChanged:STATES_2 State change to STATES_3
13:56:18 [main] INFO  c.q.state.DemoCommandLineRunner - >>>>>>>>>>>>>>>>>>>>E3 当前状态：ObjectState [getIds()=[STATES_3], getClass()=class org.springframework.statemachine.state.ObjectState, hashCode()=633686225, toString()=AbstractState [id=STATES_3, pseudoState=null, deferred=[], entryActions=[], exitActions=[], stateActions=[], regions=[], submachine=null]]
13:56:18 [main] INFO  c.q.s.StateMachineEventConfig$$EnhancerBySpringCGLIB$$c12db5ae - s4 ggggggggggggggggggggggggggggg---header:{id=92f7890a-e513-9849-90e8-f9a6b39057e6, timestamp=1678427778961},---payload:E4
13:56:18 [main] INFO  c.q.state.StateMachineConfig - stateChanged:STATES_3 State change to STATES_4
13:56:18 [main] INFO  c.q.state.DemoCommandLineRunner - >>>>>>>>>>>>>>>>>>>>E4 当前状态：ObjectState [getIds()=[STATES_4], getClass()=class org.springframework.statemachine.state.ObjectState, hashCode()=1198139417, toString()=AbstractState [id=STATES_4, pseudoState=null, deferred=[], entryActions=[], exitActions=[], stateActions=[], regions=[], submachine=null]]
13:56:18 [main] INFO  com.qq183311108.mail.MailTest - Started MailTest in 12.112 seconds (JVM running for 12.954)
]]></system-out>
  </testcase>
</testsuite>